{"D:\\UBC\\Fall 2023\\CPEN 321\\Git_Project\\JAAM-project\\backend\\app.js": {"path":"D:\\UBC\\Fall 2023\\CPEN 321\\Git_Project\\JAAM-project\\backend\\app.js","statementMap":{"0":{"start":{"line":1,"column":16},"end":{"line":1,"column":34}},"1":{"start":{"line":2,"column":14},"end":{"line":2,"column":30}},"2":{"start":{"line":3,"column":11},"end":{"line":3,"column":24}},"3":{"start":{"line":4,"column":35},"end":{"line":4,"column":63}},"4":{"start":{"line":5,"column":14},"end":{"line":5,"column":30}},"5":{"start":{"line":6,"column":21},"end":{"line":6,"column":48}},"6":{"start":{"line":7,"column":13},"end":{"line":7,"column":28}},"7":{"start":{"line":8,"column":15},"end":{"line":8,"column":41}},"8":{"start":{"line":9,"column":17},"end":{"line":9,"column":36}},"9":{"start":{"line":10,"column":18},"end":{"line":10,"column":47}},"10":{"start":{"line":11,"column":23},"end":{"line":11,"column":52}},"11":{"start":{"line":12,"column":14},"end":{"line":12,"column":39}},"12":{"start":{"line":13,"column":17},"end":{"line":13,"column":41}},"13":{"start":{"line":14,"column":20},"end":{"line":14,"column":51}},"14":{"start":{"line":15,"column":17},"end":{"line":15,"column":41}},"15":{"start":{"line":16,"column":19},"end":{"line":16,"column":45}},"16":{"start":{"line":21,"column":4},"end":{"line":27,"column":5}},"17":{"start":{"line":23,"column":6},"end":{"line":23,"column":84}},"18":{"start":{"line":23,"column":39},"end":{"line":23,"column":82}},"19":{"start":{"line":26,"column":6},"end":{"line":26,"column":58}},"20":{"start":{"line":31,"column":4},"end":{"line":57,"column":5}},"21":{"start":{"line":33,"column":31},"end":{"line":33,"column":61}},"22":{"start":{"line":36,"column":25},"end":{"line":36,"column":73}},"23":{"start":{"line":37,"column":6},"end":{"line":37,"column":38}},"24":{"start":{"line":40,"column":6},"end":{"line":42,"column":7}},"25":{"start":{"line":41,"column":8},"end":{"line":41,"column":32}},"26":{"start":{"line":45,"column":23},"end":{"line":45,"column":52}},"27":{"start":{"line":46,"column":25},"end":{"line":46,"column":42}},"28":{"start":{"line":49,"column":24},"end":{"line":49,"column":60}},"29":{"start":{"line":50,"column":26},"end":{"line":50,"column":64}},"30":{"start":{"line":51,"column":28},"end":{"line":51,"column":57}},"31":{"start":{"line":53,"column":6},"end":{"line":53,"column":27}},"32":{"start":{"line":55,"column":6},"end":{"line":55,"column":57}},"33":{"start":{"line":56,"column":6},"end":{"line":56,"column":18}},"34":{"start":{"line":61,"column":19},"end":{"line":61,"column":40}},"35":{"start":{"line":62,"column":4},"end":{"line":64,"column":5}},"36":{"start":{"line":63,"column":6},"end":{"line":63,"column":21}},"37":{"start":{"line":65,"column":4},"end":{"line":65,"column":20}},"38":{"start":{"line":68,"column":0},"end":{"line":434,"column":1}},"39":{"start":{"line":69,"column":12},"end":{"line":69,"column":21}},"40":{"start":{"line":70,"column":0},"end":{"line":70,"column":23}},"41":{"start":{"line":72,"column":0},"end":{"line":72,"column":60}},"42":{"start":{"line":73,"column":0},"end":{"line":73,"column":36}},"43":{"start":{"line":75,"column":0},"end":{"line":75,"column":31}},"44":{"start":{"line":77,"column":0},"end":{"line":79,"column":2}},"45":{"start":{"line":78,"column":4},"end":{"line":78,"column":28}},"46":{"start":{"line":81,"column":0},"end":{"line":121,"column":4}},"47":{"start":{"line":87,"column":21},"end":{"line":87,"column":42}},"48":{"start":{"line":88,"column":6},"end":{"line":90,"column":7}},"49":{"start":{"line":89,"column":8},"end":{"line":89,"column":64}},"50":{"start":{"line":92,"column":6},"end":{"line":119,"column":7}},"51":{"start":{"line":93,"column":8},"end":{"line":93,"column":43}},"52":{"start":{"line":94,"column":29},"end":{"line":94,"column":78}},"53":{"start":{"line":96,"column":8},"end":{"line":113,"column":9}},"54":{"start":{"line":97,"column":31},"end":{"line":100,"column":11}},"55":{"start":{"line":102,"column":10},"end":{"line":108,"column":11}},"56":{"start":{"line":103,"column":12},"end":{"line":103,"column":73}},"57":{"start":{"line":104,"column":12},"end":{"line":104,"column":70}},"58":{"start":{"line":106,"column":12},"end":{"line":106,"column":72}},"59":{"start":{"line":107,"column":12},"end":{"line":107,"column":81}},"60":{"start":{"line":110,"column":25},"end":{"line":110,"column":60}},"61":{"start":{"line":111,"column":10},"end":{"line":111,"column":76}},"62":{"start":{"line":112,"column":10},"end":{"line":112,"column":75}},"63":{"start":{"line":115,"column":8},"end":{"line":115,"column":87}},"64":{"start":{"line":116,"column":8},"end":{"line":116,"column":85}},"65":{"start":{"line":118,"column":8},"end":{"line":118,"column":49}},"66":{"start":{"line":123,"column":0},"end":{"line":194,"column":2}},"67":{"start":{"line":130,"column":19},"end":{"line":130,"column":40}},"68":{"start":{"line":131,"column":4},"end":{"line":133,"column":5}},"69":{"start":{"line":132,"column":6},"end":{"line":132,"column":62}},"70":{"start":{"line":135,"column":4},"end":{"line":192,"column":7}},"71":{"start":{"line":136,"column":8},"end":{"line":136,"column":43}},"72":{"start":{"line":137,"column":26},"end":{"line":137,"column":44}},"73":{"start":{"line":138,"column":28},"end":{"line":138,"column":48}},"74":{"start":{"line":140,"column":27},"end":{"line":140,"column":71}},"75":{"start":{"line":142,"column":8},"end":{"line":186,"column":9}},"76":{"start":{"line":143,"column":29},"end":{"line":143,"column":49}},"77":{"start":{"line":144,"column":29},"end":{"line":147,"column":11}},"78":{"start":{"line":150,"column":29},"end":{"line":150,"column":84}},"79":{"start":{"line":152,"column":10},"end":{"line":158,"column":11}},"80":{"start":{"line":153,"column":12},"end":{"line":153,"column":67}},"81":{"start":{"line":154,"column":12},"end":{"line":154,"column":71}},"82":{"start":{"line":156,"column":12},"end":{"line":156,"column":75}},"83":{"start":{"line":157,"column":12},"end":{"line":157,"column":79}},"84":{"start":{"line":160,"column":31},"end":{"line":160,"column":77}},"85":{"start":{"line":162,"column":10},"end":{"line":180,"column":11}},"86":{"start":{"line":163,"column":33},"end":{"line":163,"column":55}},"87":{"start":{"line":164,"column":33},"end":{"line":167,"column":13}},"88":{"start":{"line":169,"column":33},"end":{"line":169,"column":92}},"89":{"start":{"line":171,"column":12},"end":{"line":175,"column":13}},"90":{"start":{"line":172,"column":14},"end":{"line":172,"column":69}},"91":{"start":{"line":174,"column":14},"end":{"line":174,"column":77}},"92":{"start":{"line":177,"column":12},"end":{"line":177,"column":61}},"93":{"start":{"line":178,"column":12},"end":{"line":178,"column":70}},"94":{"start":{"line":179,"column":12},"end":{"line":179,"column":19}},"95":{"start":{"line":182,"column":10},"end":{"line":182,"column":68}},"96":{"start":{"line":184,"column":10},"end":{"line":184,"column":57}},"97":{"start":{"line":185,"column":10},"end":{"line":185,"column":65}},"98":{"start":{"line":188,"column":8},"end":{"line":188,"column":54}},"99":{"start":{"line":189,"column":8},"end":{"line":189,"column":53}},"100":{"start":{"line":191,"column":8},"end":{"line":191,"column":49}},"101":{"start":{"line":196,"column":0},"end":{"line":220,"column":3}},"102":{"start":{"line":197,"column":4},"end":{"line":219,"column":7}},"103":{"start":{"line":198,"column":8},"end":{"line":198,"column":43}},"104":{"start":{"line":199,"column":26},"end":{"line":199,"column":45}},"105":{"start":{"line":201,"column":27},"end":{"line":201,"column":71}},"106":{"start":{"line":203,"column":8},"end":{"line":213,"column":9}},"107":{"start":{"line":204,"column":10},"end":{"line":209,"column":11}},"108":{"start":{"line":205,"column":32},"end":{"line":205,"column":54}},"109":{"start":{"line":206,"column":12},"end":{"line":206,"column":63}},"110":{"start":{"line":208,"column":12},"end":{"line":208,"column":47}},"111":{"start":{"line":211,"column":10},"end":{"line":211,"column":57}},"112":{"start":{"line":212,"column":10},"end":{"line":212,"column":66}},"113":{"start":{"line":215,"column":8},"end":{"line":215,"column":60}},"114":{"start":{"line":216,"column":8},"end":{"line":216,"column":59}},"115":{"start":{"line":218,"column":8},"end":{"line":218,"column":49}},"116":{"start":{"line":222,"column":13},"end":{"line":244,"column":1}},"117":{"start":{"line":248,"column":26},"end":{"line":248,"column":28}},"118":{"start":{"line":251,"column":19},"end":{"line":254,"column":1}},"119":{"start":{"line":252,"column":19},"end":{"line":252,"column":36}},"120":{"start":{"line":253,"column":2},"end":{"line":253,"column":63}},"121":{"start":{"line":256,"column":20},"end":{"line":259,"column":1}},"122":{"start":{"line":257,"column":20},"end":{"line":257,"column":37}},"123":{"start":{"line":258,"column":2},"end":{"line":258,"column":68}},"124":{"start":{"line":261,"column":0},"end":{"line":322,"column":2}},"125":{"start":{"line":271,"column":19},"end":{"line":271,"column":40}},"126":{"start":{"line":272,"column":4},"end":{"line":274,"column":5}},"127":{"start":{"line":273,"column":6},"end":{"line":273,"column":61}},"128":{"start":{"line":276,"column":22},"end":{"line":276,"column":36}},"129":{"start":{"line":277,"column":22},"end":{"line":277,"column":39}},"130":{"start":{"line":278,"column":21},"end":{"line":278,"column":39}},"131":{"start":{"line":279,"column":22},"end":{"line":279,"column":41}},"132":{"start":{"line":280,"column":25},"end":{"line":280,"column":38}},"133":{"start":{"line":282,"column":4},"end":{"line":320,"column":5}},"134":{"start":{"line":283,"column":6},"end":{"line":283,"column":41}},"135":{"start":{"line":284,"column":25},"end":{"line":284,"column":69}},"136":{"start":{"line":286,"column":6},"end":{"line":315,"column":7}},"137":{"start":{"line":287,"column":27},"end":{"line":287,"column":48}},"138":{"start":{"line":288,"column":28},"end":{"line":288,"column":49}},"139":{"start":{"line":290,"column":25},"end":{"line":290,"column":64}},"140":{"start":{"line":291,"column":42},"end":{"line":291,"column":73}},"141":{"start":{"line":293,"column":25},"end":{"line":293,"column":49}},"142":{"start":{"line":295,"column":26},"end":{"line":295,"column":145}},"143":{"start":{"line":299,"column":25},"end":{"line":299,"column":105}},"144":{"start":{"line":301,"column":43},"end":{"line":306,"column":12}},"145":{"start":{"line":302,"column":12},"end":{"line":305,"column":13}},"146":{"start":{"line":303,"column":46},"end":{"line":303,"column":97}},"147":{"start":{"line":304,"column":14},"end":{"line":304,"column":45}},"148":{"start":{"line":308,"column":32},"end":{"line":308,"column":86}},"149":{"start":{"line":308,"column":72},"end":{"line":308,"column":85}},"150":{"start":{"line":310,"column":10},"end":{"line":312,"column":12}},"151":{"start":{"line":311,"column":12},"end":{"line":311,"column":47}},"152":{"start":{"line":314,"column":8},"end":{"line":314,"column":63}},"153":{"start":{"line":317,"column":6},"end":{"line":317,"column":79}},"154":{"start":{"line":319,"column":6},"end":{"line":319,"column":47}},"155":{"start":{"line":327,"column":0},"end":{"line":355,"column":3}},"156":{"start":{"line":334,"column":17},"end":{"line":334,"column":38}},"157":{"start":{"line":335,"column":2},"end":{"line":337,"column":3}},"158":{"start":{"line":336,"column":4},"end":{"line":336,"column":60}},"159":{"start":{"line":338,"column":2},"end":{"line":354,"column":3}},"160":{"start":{"line":339,"column":4},"end":{"line":339,"column":26}},"161":{"start":{"line":340,"column":62},"end":{"line":340,"column":70}},"162":{"start":{"line":342,"column":4},"end":{"line":342,"column":39}},"163":{"start":{"line":343,"column":4},"end":{"line":343,"column":29}},"164":{"start":{"line":345,"column":19},"end":{"line":345,"column":86}},"165":{"start":{"line":346,"column":4},"end":{"line":346,"column":24}},"166":{"start":{"line":348,"column":4},"end":{"line":348,"column":21}},"167":{"start":{"line":350,"column":4},"end":{"line":350,"column":23}},"168":{"start":{"line":351,"column":4},"end":{"line":351,"column":86}},"169":{"start":{"line":353,"column":4},"end":{"line":353,"column":45}},"170":{"start":{"line":358,"column":0},"end":{"line":399,"column":3}},"171":{"start":{"line":366,"column":19},"end":{"line":366,"column":40}},"172":{"start":{"line":367,"column":4},"end":{"line":369,"column":5}},"173":{"start":{"line":368,"column":6},"end":{"line":368,"column":62}},"174":{"start":{"line":370,"column":4},"end":{"line":398,"column":7}},"175":{"start":{"line":371,"column":79},"end":{"line":371,"column":87}},"176":{"start":{"line":373,"column":8},"end":{"line":373,"column":43}},"177":{"start":{"line":374,"column":27},"end":{"line":374,"column":73}},"178":{"start":{"line":376,"column":8},"end":{"line":392,"column":9}},"179":{"start":{"line":377,"column":29},"end":{"line":377,"column":50}},"180":{"start":{"line":378,"column":30},"end":{"line":378,"column":51}},"181":{"start":{"line":380,"column":10},"end":{"line":380,"column":35}},"182":{"start":{"line":381,"column":10},"end":{"line":381,"column":119}},"183":{"start":{"line":382,"column":10},"end":{"line":382,"column":30}},"184":{"start":{"line":384,"column":10},"end":{"line":388,"column":11}},"185":{"start":{"line":385,"column":12},"end":{"line":385,"column":31}},"186":{"start":{"line":387,"column":12},"end":{"line":387,"column":60}},"187":{"start":{"line":390,"column":10},"end":{"line":390,"column":29}},"188":{"start":{"line":391,"column":10},"end":{"line":391,"column":75}},"189":{"start":{"line":394,"column":8},"end":{"line":394,"column":27}},"190":{"start":{"line":395,"column":8},"end":{"line":395,"column":97}},"191":{"start":{"line":397,"column":8},"end":{"line":397,"column":49}},"192":{"start":{"line":401,"column":0},"end":{"line":431,"column":3}},"193":{"start":{"line":402,"column":4},"end":{"line":430,"column":7}},"194":{"start":{"line":403,"column":8},"end":{"line":403,"column":43}},"195":{"start":{"line":405,"column":26},"end":{"line":405,"column":45}},"196":{"start":{"line":406,"column":27},"end":{"line":406,"column":71}},"197":{"start":{"line":408,"column":8},"end":{"line":423,"column":9}},"198":{"start":{"line":409,"column":27},"end":{"line":409,"column":49}},"199":{"start":{"line":411,"column":26},"end":{"line":416,"column":11}},"200":{"start":{"line":418,"column":10},"end":{"line":418,"column":66}},"201":{"start":{"line":420,"column":10},"end":{"line":420,"column":71}},"202":{"start":{"line":422,"column":10},"end":{"line":422,"column":76}},"203":{"start":{"line":425,"column":8},"end":{"line":425,"column":43}},"204":{"start":{"line":427,"column":8},"end":{"line":427,"column":37}},"205":{"start":{"line":428,"column":8},"end":{"line":428,"column":43}},"206":{"start":{"line":429,"column":8},"end":{"line":429,"column":77}},"207":{"start":{"line":433,"column":0},"end":{"line":433,"column":10}}},"fnMap":{"0":{"name":"getFormattedSubtractedTime","decl":{"start":{"line":19,"column":9},"end":{"line":19,"column":35}},"loc":{"start":{"line":19,"column":64},"end":{"line":28,"column":3}},"line":19},"1":{"name":"(anonymous_1)","decl":{"start":{"line":23,"column":27},"end":{"line":23,"column":28}},"loc":{"start":{"line":23,"column":39},"end":{"line":23,"column":82}},"line":23},"2":{"name":"formatSingleItem","decl":{"start":{"line":30,"column":11},"end":{"line":30,"column":27}},"loc":{"start":{"line":30,"column":55},"end":{"line":58,"column":3}},"line":30},"3":{"name":"adjustNewHours","decl":{"start":{"line":60,"column":11},"end":{"line":60,"column":25}},"loc":{"start":{"line":60,"column":48},"end":{"line":66,"column":3}},"line":60},"4":{"name":"(anonymous_4)","decl":{"start":{"line":68,"column":17},"end":{"line":68,"column":18}},"loc":{"start":{"line":68,"column":36},"end":{"line":434,"column":1}},"line":68},"5":{"name":"(anonymous_5)","decl":{"start":{"line":77,"column":13},"end":{"line":77,"column":14}},"loc":{"start":{"line":77,"column":27},"end":{"line":79,"column":1}},"line":77},"6":{"name":"(anonymous_6)","decl":{"start":{"line":86,"column":4},"end":{"line":86,"column":5}},"loc":{"start":{"line":86,"column":24},"end":{"line":120,"column":5}},"line":86},"7":{"name":"(anonymous_7)","decl":{"start":{"line":129,"column":2},"end":{"line":129,"column":3}},"loc":{"start":{"line":129,"column":22},"end":{"line":193,"column":5}},"line":129},"8":{"name":"(anonymous_8)","decl":{"start":{"line":196,"column":26},"end":{"line":196,"column":27}},"loc":{"start":{"line":196,"column":46},"end":{"line":220,"column":1}},"line":196},"9":{"name":"(anonymous_9)","decl":{"start":{"line":251,"column":19},"end":{"line":251,"column":20}},"loc":{"start":{"line":251,"column":30},"end":{"line":254,"column":1}},"line":251},"10":{"name":"(anonymous_10)","decl":{"start":{"line":256,"column":20},"end":{"line":256,"column":21}},"loc":{"start":{"line":256,"column":31},"end":{"line":259,"column":1}},"line":256},"11":{"name":"(anonymous_11)","decl":{"start":{"line":270,"column":2},"end":{"line":270,"column":3}},"loc":{"start":{"line":270,"column":22},"end":{"line":321,"column":3}},"line":270},"12":{"name":"(anonymous_12)","decl":{"start":{"line":301,"column":54},"end":{"line":301,"column":55}},"loc":{"start":{"line":301,"column":64},"end":{"line":306,"column":11}},"line":301},"13":{"name":"(anonymous_13)","decl":{"start":{"line":308,"column":64},"end":{"line":308,"column":65}},"loc":{"start":{"line":308,"column":72},"end":{"line":308,"column":85}},"line":308},"14":{"name":"(anonymous_14)","decl":{"start":{"line":333,"column":3},"end":{"line":333,"column":4}},"loc":{"start":{"line":333,"column":23},"end":{"line":355,"column":1}},"line":333},"15":{"name":"(anonymous_15)","decl":{"start":{"line":365,"column":5},"end":{"line":365,"column":6}},"loc":{"start":{"line":365,"column":25},"end":{"line":399,"column":1}},"line":365},"16":{"name":"(anonymous_16)","decl":{"start":{"line":401,"column":19},"end":{"line":401,"column":20}},"loc":{"start":{"line":401,"column":39},"end":{"line":431,"column":1}},"line":401}},"branchMap":{"0":{"loc":{"start":{"line":21,"column":4},"end":{"line":27,"column":5}},"type":"if","locations":[{"start":{"line":21,"column":4},"end":{"line":27,"column":5}},{"start":{"line":24,"column":11},"end":{"line":27,"column":5}}],"line":21},"1":{"loc":{"start":{"line":31,"column":4},"end":{"line":57,"column":5}},"type":"if","locations":[{"start":{"line":31,"column":4},"end":{"line":57,"column":5}},{"start":{"line":54,"column":11},"end":{"line":57,"column":5}}],"line":31},"2":{"loc":{"start":{"line":31,"column":8},"end":{"line":31,"column":45}},"type":"binary-expr","locations":[{"start":{"line":31,"column":8},"end":{"line":31,"column":22}},{"start":{"line":31,"column":26},"end":{"line":31,"column":45}}],"line":31},"3":{"loc":{"start":{"line":40,"column":6},"end":{"line":42,"column":7}},"type":"if","locations":[{"start":{"line":40,"column":6},"end":{"line":42,"column":7}},{"start":{},"end":{}}],"line":40},"4":{"loc":{"start":{"line":62,"column":4},"end":{"line":64,"column":5}},"type":"if","locations":[{"start":{"line":62,"column":4},"end":{"line":64,"column":5}},{"start":{},"end":{}}],"line":62},"5":{"loc":{"start":{"line":88,"column":6},"end":{"line":90,"column":7}},"type":"if","locations":[{"start":{"line":88,"column":6},"end":{"line":90,"column":7}},{"start":{},"end":{}}],"line":88},"6":{"loc":{"start":{"line":96,"column":8},"end":{"line":113,"column":9}},"type":"if","locations":[{"start":{"line":96,"column":8},"end":{"line":113,"column":9}},{"start":{"line":109,"column":15},"end":{"line":113,"column":9}}],"line":96},"7":{"loc":{"start":{"line":102,"column":10},"end":{"line":108,"column":11}},"type":"if","locations":[{"start":{"line":102,"column":10},"end":{"line":108,"column":11}},{"start":{"line":105,"column":17},"end":{"line":108,"column":11}}],"line":102},"8":{"loc":{"start":{"line":131,"column":4},"end":{"line":133,"column":5}},"type":"if","locations":[{"start":{"line":131,"column":4},"end":{"line":133,"column":5}},{"start":{},"end":{}}],"line":131},"9":{"loc":{"start":{"line":142,"column":8},"end":{"line":186,"column":9}},"type":"if","locations":[{"start":{"line":142,"column":8},"end":{"line":186,"column":9}},{"start":{"line":183,"column":15},"end":{"line":186,"column":9}}],"line":142},"10":{"loc":{"start":{"line":152,"column":10},"end":{"line":158,"column":11}},"type":"if","locations":[{"start":{"line":152,"column":10},"end":{"line":158,"column":11}},{"start":{"line":155,"column":17},"end":{"line":158,"column":11}}],"line":152},"11":{"loc":{"start":{"line":162,"column":10},"end":{"line":180,"column":11}},"type":"if","locations":[{"start":{"line":162,"column":10},"end":{"line":180,"column":11}},{"start":{"line":176,"column":17},"end":{"line":180,"column":11}}],"line":162},"12":{"loc":{"start":{"line":171,"column":12},"end":{"line":175,"column":13}},"type":"if","locations":[{"start":{"line":171,"column":12},"end":{"line":175,"column":13}},{"start":{"line":173,"column":19},"end":{"line":175,"column":13}}],"line":171},"13":{"loc":{"start":{"line":203,"column":8},"end":{"line":213,"column":9}},"type":"if","locations":[{"start":{"line":203,"column":8},"end":{"line":213,"column":9}},{"start":{"line":210,"column":15},"end":{"line":213,"column":9}}],"line":203},"14":{"loc":{"start":{"line":204,"column":10},"end":{"line":209,"column":11}},"type":"if","locations":[{"start":{"line":204,"column":10},"end":{"line":209,"column":11}},{"start":{"line":207,"column":17},"end":{"line":209,"column":11}}],"line":204},"15":{"loc":{"start":{"line":204,"column":14},"end":{"line":204,"column":73}},"type":"binary-expr","locations":[{"start":{"line":204,"column":14},"end":{"line":204,"column":36}},{"start":{"line":204,"column":40},"end":{"line":204,"column":73}}],"line":204},"16":{"loc":{"start":{"line":253,"column":9},"end":{"line":253,"column":62}},"type":"binary-expr","locations":[{"start":{"line":253,"column":9},"end":{"line":253,"column":25}},{"start":{"line":253,"column":29},"end":{"line":253,"column":44}},{"start":{"line":253,"column":48},"end":{"line":253,"column":62}}],"line":253},"17":{"loc":{"start":{"line":258,"column":9},"end":{"line":258,"column":67}},"type":"binary-expr","locations":[{"start":{"line":258,"column":9},"end":{"line":258,"column":26}},{"start":{"line":258,"column":30},"end":{"line":258,"column":47}},{"start":{"line":258,"column":51},"end":{"line":258,"column":67}}],"line":258},"18":{"loc":{"start":{"line":272,"column":4},"end":{"line":274,"column":5}},"type":"if","locations":[{"start":{"line":272,"column":4},"end":{"line":274,"column":5}},{"start":{},"end":{}}],"line":272},"19":{"loc":{"start":{"line":286,"column":6},"end":{"line":315,"column":7}},"type":"if","locations":[{"start":{"line":286,"column":6},"end":{"line":315,"column":7}},{"start":{"line":313,"column":13},"end":{"line":315,"column":7}}],"line":286},"20":{"loc":{"start":{"line":302,"column":12},"end":{"line":305,"column":13}},"type":"if","locations":[{"start":{"line":302,"column":12},"end":{"line":305,"column":13}},{"start":{},"end":{}}],"line":302},"21":{"loc":{"start":{"line":302,"column":16},"end":{"line":302,"column":45}},"type":"binary-expr","locations":[{"start":{"line":302,"column":16},"end":{"line":302,"column":26}},{"start":{"line":302,"column":30},"end":{"line":302,"column":45}}],"line":302},"22":{"loc":{"start":{"line":310,"column":10},"end":{"line":312,"column":12}},"type":"if","locations":[{"start":{"line":310,"column":10},"end":{"line":312,"column":12}},{"start":{},"end":{}}],"line":310},"23":{"loc":{"start":{"line":335,"column":2},"end":{"line":337,"column":3}},"type":"if","locations":[{"start":{"line":335,"column":2},"end":{"line":337,"column":3}},{"start":{},"end":{}}],"line":335},"24":{"loc":{"start":{"line":367,"column":4},"end":{"line":369,"column":5}},"type":"if","locations":[{"start":{"line":367,"column":4},"end":{"line":369,"column":5}},{"start":{},"end":{}}],"line":367},"25":{"loc":{"start":{"line":376,"column":8},"end":{"line":392,"column":9}},"type":"if","locations":[{"start":{"line":376,"column":8},"end":{"line":392,"column":9}},{"start":{"line":389,"column":15},"end":{"line":392,"column":9}}],"line":376},"26":{"loc":{"start":{"line":384,"column":10},"end":{"line":388,"column":11}},"type":"if","locations":[{"start":{"line":384,"column":10},"end":{"line":388,"column":11}},{"start":{"line":386,"column":17},"end":{"line":388,"column":11}}],"line":384},"27":{"loc":{"start":{"line":408,"column":8},"end":{"line":423,"column":9}},"type":"if","locations":[{"start":{"line":408,"column":8},"end":{"line":423,"column":9}},{"start":{"line":421,"column":15},"end":{"line":423,"column":9}}],"line":408}},"s":{"0":8,"1":8,"2":8,"3":8,"4":8,"5":8,"6":8,"7":8,"8":8,"9":8,"10":8,"11":8,"12":8,"13":8,"14":8,"15":8,"16":4,"17":2,"18":5,"19":2,"20":7,"21":4,"22":4,"23":4,"24":4,"25":1,"26":4,"27":4,"28":4,"29":4,"30":4,"31":4,"32":3,"33":3,"34":3,"35":3,"36":2,"37":3,"38":8,"39":9,"40":9,"41":9,"42":9,"43":9,"44":9,"45":1,"46":9,"47":5,"48":5,"49":1,"50":4,"51":4,"52":3,"53":3,"54":2,"55":2,"56":1,"57":1,"58":1,"59":1,"60":1,"61":1,"62":1,"63":1,"64":1,"65":4,"66":9,"67":6,"68":6,"69":1,"70":5,"71":5,"72":4,"73":4,"74":4,"75":4,"76":3,"77":3,"78":3,"79":3,"80":2,"81":2,"82":1,"83":1,"84":3,"85":3,"86":2,"87":2,"88":2,"89":2,"90":1,"91":1,"92":1,"93":1,"94":1,"95":2,"96":1,"97":1,"98":1,"99":1,"100":5,"101":9,"102":4,"103":4,"104":3,"105":3,"106":3,"107":2,"108":1,"109":1,"110":1,"111":1,"112":1,"113":1,"114":1,"115":4,"116":9,"117":9,"118":9,"119":0,"120":0,"121":9,"122":0,"123":0,"124":9,"125":0,"126":0,"127":0,"128":0,"129":0,"130":0,"131":0,"132":0,"133":0,"134":0,"135":0,"136":0,"137":0,"138":0,"139":0,"140":0,"141":0,"142":0,"143":0,"144":0,"145":0,"146":0,"147":0,"148":0,"149":0,"150":0,"151":0,"152":0,"153":0,"154":0,"155":9,"156":0,"157":0,"158":0,"159":0,"160":0,"161":0,"162":0,"163":0,"164":0,"165":0,"166":0,"167":0,"168":0,"169":0,"170":9,"171":0,"172":0,"173":0,"174":0,"175":0,"176":0,"177":0,"178":0,"179":0,"180":0,"181":0,"182":0,"183":0,"184":0,"185":0,"186":0,"187":0,"188":0,"189":0,"190":0,"191":0,"192":9,"193":3,"194":3,"195":2,"196":2,"197":2,"198":1,"199":1,"200":1,"201":1,"202":1,"203":2,"204":1,"205":1,"206":1,"207":9},"f":{"0":4,"1":5,"2":7,"3":3,"4":9,"5":1,"6":5,"7":6,"8":4,"9":0,"10":0,"11":0,"12":0,"13":0,"14":0,"15":0,"16":3},"b":{"0":[2,2],"1":[4,3],"2":[7,6],"3":[1,3],"4":[2,1],"5":[1,4],"6":[2,1],"7":[1,1],"8":[1,5],"9":[3,1],"10":[2,1],"11":[2,1],"12":[1,1],"13":[2,1],"14":[1,1],"15":[2,2],"16":[0,0,0],"17":[0,0,0],"18":[0,0],"19":[0,0],"20":[0,0],"21":[0,0],"22":[0,0],"23":[0,0],"24":[0,0],"25":[0,0],"26":[0,0],"27":[1,1]},"_coverageSchema":"1a1c01bbd47fc00a2c39e90264f33305004495a9","hash":"50103ab72d1bd255ca853257a2cb0b0a800f7d13"}
,"D:\\UBC\\Fall 2023\\CPEN 321\\Git_Project\\JAAM-project\\backend\\database.js": {"path":"D:\\UBC\\Fall 2023\\CPEN 321\\Git_Project\\JAAM-project\\backend\\database.js","statementMap":{"0":{"start":{"line":1,"column":14},"end":{"line":1,"column":16}},"1":{"start":{"line":3,"column":0},"end":{"line":12,"column":2}},"2":{"start":{"line":5,"column":4},"end":{"line":5,"column":25}},"3":{"start":{"line":6,"column":4},"end":{"line":6,"column":20}},"4":{"start":{"line":10,"column":4},"end":{"line":10,"column":54}},"5":{"start":{"line":10,"column":32},"end":{"line":10,"column":52}}},"fnMap":{"0":{"name":"(anonymous_0)","decl":{"start":{"line":4,"column":14},"end":{"line":4,"column":15}},"loc":{"start":{"line":4,"column":28},"end":{"line":7,"column":3}},"line":4},"1":{"name":"(anonymous_1)","decl":{"start":{"line":9,"column":12},"end":{"line":9,"column":13}},"loc":{"start":{"line":9,"column":23},"end":{"line":11,"column":3}},"line":9},"2":{"name":"(anonymous_2)","decl":{"start":{"line":10,"column":22},"end":{"line":10,"column":23}},"loc":{"start":{"line":10,"column":32},"end":{"line":10,"column":52}},"line":10}},"branchMap":{},"s":{"0":8,"1":8,"2":0,"3":0,"4":0,"5":0},"f":{"0":0,"1":0,"2":0},"b":{},"_coverageSchema":"1a1c01bbd47fc00a2c39e90264f33305004495a9","hash":"b03426c59401f3dbe7159f77100d0e7429040863"}
,"D:\\UBC\\Fall 2023\\CPEN 321\\Git_Project\\JAAM-project\\backend\\mockUserDB.js": {"path":"D:\\UBC\\Fall 2023\\CPEN 321\\Git_Project\\JAAM-project\\backend\\mockUserDB.js","statementMap":{"0":{"start":{"line":3,"column":17},"end":{"line":31,"column":1}},"1":{"start":{"line":33,"column":15},"end":{"line":37,"column":1}},"2":{"start":{"line":39,"column":19},"end":{"line":41,"column":1}},"3":{"start":{"line":40,"column":18},"end":{"line":40,"column":32}},"4":{"start":{"line":44,"column":2},"end":{"line":49,"column":3}},"5":{"start":{"line":45,"column":4},"end":{"line":45,"column":45}},"6":{"start":{"line":47,"column":4},"end":{"line":47,"column":63}},"7":{"start":{"line":48,"column":4},"end":{"line":48,"column":16}},"8":{"start":{"line":53,"column":2},"end":{"line":58,"column":3}},"9":{"start":{"line":54,"column":4},"end":{"line":54,"column":50}},"10":{"start":{"line":56,"column":4},"end":{"line":56,"column":68}},"11":{"start":{"line":57,"column":4},"end":{"line":57,"column":16}},"12":{"start":{"line":62,"column":2},"end":{"line":68,"column":3}},"13":{"start":{"line":63,"column":17},"end":{"line":63,"column":76}},"14":{"start":{"line":63,"column":55},"end":{"line":63,"column":75}},"15":{"start":{"line":64,"column":4},"end":{"line":64,"column":16}},"16":{"start":{"line":66,"column":4},"end":{"line":66,"column":61}},"17":{"start":{"line":67,"column":4},"end":{"line":67,"column":16}},"18":{"start":{"line":72,"column":4},"end":{"line":101,"column":5}},"19":{"start":{"line":73,"column":24},"end":{"line":73,"column":88}},"20":{"start":{"line":73,"column":67},"end":{"line":73,"column":87}},"21":{"start":{"line":75,"column":6},"end":{"line":97,"column":7}},"22":{"start":{"line":76,"column":8},"end":{"line":91,"column":9}},"23":{"start":{"line":77,"column":29},"end":{"line":79,"column":38}},"24":{"start":{"line":82,"column":10},"end":{"line":85,"column":11}},"25":{"start":{"line":82,"column":44},"end":{"line":82,"column":106}},"26":{"start":{"line":83,"column":12},"end":{"line":83,"column":75}},"27":{"start":{"line":84,"column":12},"end":{"line":84,"column":40}},"28":{"start":{"line":87,"column":10},"end":{"line":89,"column":12}},"29":{"start":{"line":90,"column":10},"end":{"line":90,"column":38}},"30":{"start":{"line":93,"column":8},"end":{"line":93,"column":36}},"31":{"start":{"line":95,"column":8},"end":{"line":95,"column":82}},"32":{"start":{"line":96,"column":8},"end":{"line":96,"column":36}},"33":{"start":{"line":99,"column":6},"end":{"line":99,"column":64}},"34":{"start":{"line":100,"column":6},"end":{"line":100,"column":18}},"35":{"start":{"line":188,"column":20},"end":{"line":188,"column":21}},"36":{"start":{"line":191,"column":2},"end":{"line":198,"column":3}},"37":{"start":{"line":192,"column":20},"end":{"line":192,"column":57}},"38":{"start":{"line":193,"column":4},"end":{"line":193,"column":41}},"39":{"start":{"line":194,"column":4},"end":{"line":194,"column":39}},"40":{"start":{"line":196,"column":4},"end":{"line":196,"column":63}},"41":{"start":{"line":197,"column":4},"end":{"line":197,"column":16}},"42":{"start":{"line":202,"column":2},"end":{"line":217,"column":3}},"43":{"start":{"line":203,"column":17},"end":{"line":203,"column":57}},"44":{"start":{"line":205,"column":4},"end":{"line":213,"column":5}},"45":{"start":{"line":206,"column":6},"end":{"line":209,"column":8}},"46":{"start":{"line":211,"column":6},"end":{"line":211,"column":36}},"47":{"start":{"line":212,"column":6},"end":{"line":212,"column":18}},"48":{"start":{"line":215,"column":4},"end":{"line":215,"column":59}},"49":{"start":{"line":216,"column":4},"end":{"line":216,"column":16}},"50":{"start":{"line":220,"column":16},"end":{"line":220,"column":43}},"51":{"start":{"line":222,"column":23},"end":{"line":269,"column":1}},"52":{"start":{"line":223,"column":2},"end":{"line":268,"column":3}},"53":{"start":{"line":225,"column":28},"end":{"line":255,"column":5}},"54":{"start":{"line":258,"column":30},"end":{"line":260,"column":18}},"55":{"start":{"line":259,"column":22},"end":{"line":259,"column":47}},"56":{"start":{"line":262,"column":34},"end":{"line":262,"column":61}},"57":{"start":{"line":264,"column":6},"end":{"line":264,"column":33}},"58":{"start":{"line":266,"column":4},"end":{"line":266,"column":25}},"59":{"start":{"line":267,"column":4},"end":{"line":267,"column":59}},"60":{"start":{"line":271,"column":17},"end":{"line":315,"column":1}},"61":{"start":{"line":272,"column":2},"end":{"line":314,"column":3}},"62":{"start":{"line":274,"column":26},"end":{"line":308,"column":5}},"63":{"start":{"line":310,"column":4},"end":{"line":310,"column":25}},"64":{"start":{"line":312,"column":4},"end":{"line":312,"column":25}},"65":{"start":{"line":313,"column":4},"end":{"line":313,"column":57}},"66":{"start":{"line":318,"column":0},"end":{"line":328,"column":2}}},"fnMap":{"0":{"name":"(anonymous_0)","decl":{"start":{"line":40,"column":6},"end":{"line":40,"column":7}},"loc":{"start":{"line":40,"column":18},"end":{"line":40,"column":32}},"line":40},"1":{"name":"connectToDatabase","decl":{"start":{"line":43,"column":15},"end":{"line":43,"column":32}},"loc":{"start":{"line":43,"column":35},"end":{"line":50,"column":1}},"line":43},"2":{"name":"closeDatabaseConnection","decl":{"start":{"line":52,"column":15},"end":{"line":52,"column":38}},"loc":{"start":{"line":52,"column":41},"end":{"line":59,"column":1}},"line":52},"3":{"name":"getUserInfoByEmail","decl":{"start":{"line":61,"column":15},"end":{"line":61,"column":33}},"loc":{"start":{"line":61,"column":41},"end":{"line":69,"column":1}},"line":61},"4":{"name":"(anonymous_4)","decl":{"start":{"line":63,"column":45},"end":{"line":63,"column":46}},"loc":{"start":{"line":63,"column":55},"end":{"line":63,"column":75}},"line":63},"5":{"name":"updateUserByEmail","decl":{"start":{"line":71,"column":15},"end":{"line":71,"column":32}},"loc":{"start":{"line":71,"column":52},"end":{"line":102,"column":3}},"line":71},"6":{"name":"(anonymous_6)","decl":{"start":{"line":73,"column":57},"end":{"line":73,"column":58}},"loc":{"start":{"line":73,"column":67},"end":{"line":73,"column":87}},"line":73},"7":{"name":"(anonymous_7)","decl":{"start":{"line":82,"column":32},"end":{"line":82,"column":33}},"loc":{"start":{"line":82,"column":44},"end":{"line":82,"column":106}},"line":82},"8":{"name":"insertUser","decl":{"start":{"line":190,"column":15},"end":{"line":190,"column":25}},"loc":{"start":{"line":190,"column":36},"end":{"line":199,"column":1}},"line":190},"9":{"name":"getUserDetails","decl":{"start":{"line":201,"column":15},"end":{"line":201,"column":29}},"loc":{"start":{"line":201,"column":46},"end":{"line":218,"column":1}},"line":201},"10":{"name":"(anonymous_10)","decl":{"start":{"line":222,"column":23},"end":{"line":222,"column":24}},"loc":{"start":{"line":222,"column":65},"end":{"line":269,"column":1}},"line":222},"11":{"name":"(anonymous_11)","decl":{"start":{"line":259,"column":12},"end":{"line":259,"column":13}},"loc":{"start":{"line":259,"column":22},"end":{"line":259,"column":47}},"line":259},"12":{"name":"(anonymous_12)","decl":{"start":{"line":271,"column":17},"end":{"line":271,"column":18}},"loc":{"start":{"line":271,"column":86},"end":{"line":315,"column":1}},"line":271}},"branchMap":{"0":{"loc":{"start":{"line":75,"column":6},"end":{"line":97,"column":7}},"type":"if","locations":[{"start":{"line":75,"column":6},"end":{"line":97,"column":7}},{"start":{"line":94,"column":13},"end":{"line":97,"column":7}}],"line":75},"1":{"loc":{"start":{"line":76,"column":8},"end":{"line":91,"column":9}},"type":"if","locations":[{"start":{"line":76,"column":8},"end":{"line":91,"column":9}},{"start":{},"end":{}}],"line":76},"2":{"loc":{"start":{"line":77,"column":29},"end":{"line":79,"column":38}},"type":"cond-expr","locations":[{"start":{"line":78,"column":14},"end":{"line":78,"column":36}},{"start":{"line":79,"column":14},"end":{"line":79,"column":38}}],"line":77},"3":{"loc":{"start":{"line":82,"column":10},"end":{"line":85,"column":11}},"type":"if","locations":[{"start":{"line":82,"column":10},"end":{"line":85,"column":11}},{"start":{},"end":{}}],"line":82},"4":{"loc":{"start":{"line":205,"column":4},"end":{"line":213,"column":5}},"type":"if","locations":[{"start":{"line":205,"column":4},"end":{"line":213,"column":5}},{"start":{"line":210,"column":11},"end":{"line":213,"column":5}}],"line":205}},"s":{"0":8,"1":8,"2":8,"3":0,"4":0,"5":0,"6":0,"7":0,"8":0,"9":0,"10":0,"11":0,"12":0,"13":0,"14":0,"15":0,"16":0,"17":0,"18":0,"19":0,"20":0,"21":0,"22":0,"23":0,"24":0,"25":0,"26":0,"27":0,"28":0,"29":0,"30":0,"31":0,"32":0,"33":0,"34":0,"35":8,"36":0,"37":0,"38":0,"39":0,"40":0,"41":0,"42":0,"43":0,"44":0,"45":0,"46":0,"47":0,"48":0,"49":0,"50":8,"51":8,"52":0,"53":0,"54":0,"55":0,"56":0,"57":0,"58":0,"59":0,"60":8,"61":0,"62":0,"63":0,"64":0,"65":0,"66":8},"f":{"0":0,"1":0,"2":0,"3":0,"4":0,"5":0,"6":0,"7":0,"8":0,"9":0,"10":0,"11":0,"12":0},"b":{"0":[0,0],"1":[0,0],"2":[0,0],"3":[0,0],"4":[0,0]},"_coverageSchema":"1a1c01bbd47fc00a2c39e90264f33305004495a9","hash":"1772df53fb4966d64366afc965244e6f17ad06d6"}
,"D:\\UBC\\Fall 2023\\CPEN 321\\Git_Project\\JAAM-project\\backend\\server.js": {"path":"D:\\UBC\\Fall 2023\\CPEN 321\\Git_Project\\JAAM-project\\backend\\server.js","statementMap":{"0":{"start":{"line":1,"column":17},"end":{"line":1,"column":41}},"1":{"start":{"line":2,"column":16},"end":{"line":2,"column":35}},"2":{"start":{"line":3,"column":11},"end":{"line":3,"column":24}},"3":{"start":{"line":4,"column":14},"end":{"line":4,"column":30}},"4":{"start":{"line":5,"column":14},"end":{"line":5,"column":39}},"5":{"start":{"line":6,"column":17},"end":{"line":6,"column":36}},"6":{"start":{"line":7,"column":22},"end":{"line":7,"column":40}},"7":{"start":{"line":9,"column":12},"end":{"line":9,"column":29}},"8":{"start":{"line":11,"column":12},"end":{"line":11,"column":39}},"9":{"start":{"line":12,"column":15},"end":{"line":12,"column":35}},"10":{"start":{"line":14,"column":19},"end":{"line":14,"column":56}},"11":{"start":{"line":15,"column":20},"end":{"line":15,"column":57}},"12":{"start":{"line":16,"column":20},"end":{"line":16,"column":58}},"13":{"start":{"line":19,"column":23},"end":{"line":19,"column":92}},"14":{"start":{"line":21,"column":0},"end":{"line":23,"column":3}},"15":{"start":{"line":25,"column":0},"end":{"line":28,"column":2}},"16":{"start":{"line":31,"column":2},"end":{"line":44,"column":3}},"17":{"start":{"line":32,"column":6},"end":{"line":32,"column":28}},"18":{"start":{"line":33,"column":6},"end":{"line":33,"column":59}},"19":{"start":{"line":34,"column":19},"end":{"line":39,"column":8}},"20":{"start":{"line":36,"column":21},"end":{"line":36,"column":45}},"21":{"start":{"line":37,"column":21},"end":{"line":37,"column":42}},"22":{"start":{"line":38,"column":10},"end":{"line":38,"column":89}},"23":{"start":{"line":42,"column":6},"end":{"line":42,"column":22}},"24":{"start":{"line":43,"column":6},"end":{"line":43,"column":26}},"25":{"start":{"line":47,"column":0},"end":{"line":47,"column":5}}},"fnMap":{"0":{"name":"run","decl":{"start":{"line":30,"column":15},"end":{"line":30,"column":18}},"loc":{"start":{"line":30,"column":20},"end":{"line":45,"column":1}},"line":30},"1":{"name":"(anonymous_1)","decl":{"start":{"line":34,"column":80},"end":{"line":34,"column":81}},"loc":{"start":{"line":34,"column":93},"end":{"line":39,"column":7}},"line":34}},"branchMap":{},"s":{"0":0,"1":0,"2":0,"3":0,"4":0,"5":0,"6":0,"7":0,"8":0,"9":0,"10":0,"11":0,"12":0,"13":0,"14":0,"15":0,"16":0,"17":0,"18":0,"19":0,"20":0,"21":0,"22":0,"23":0,"24":0,"25":0},"f":{"0":0,"1":0},"b":{}}
,"D:\\UBC\\Fall 2023\\CPEN 321\\Git_Project\\JAAM-project\\backend\\server_old.js": {"path":"D:\\UBC\\Fall 2023\\CPEN 321\\Git_Project\\JAAM-project\\backend\\server_old.js","statementMap":{"0":{"start":{"line":1,"column":16},"end":{"line":1,"column":34}},"1":{"start":{"line":2,"column":14},"end":{"line":2,"column":30}},"2":{"start":{"line":3,"column":11},"end":{"line":3,"column":24}},"3":{"start":{"line":4,"column":35},"end":{"line":4,"column":63}},"4":{"start":{"line":5,"column":21},"end":{"line":5,"column":48}},"5":{"start":{"line":6,"column":13},"end":{"line":6,"column":28}},"6":{"start":{"line":7,"column":17},"end":{"line":7,"column":36}},"7":{"start":{"line":8,"column":18},"end":{"line":8,"column":47}},"8":{"start":{"line":9,"column":23},"end":{"line":9,"column":52}},"9":{"start":{"line":10,"column":23},"end":{"line":10,"column":57}},"10":{"start":{"line":11,"column":14},"end":{"line":11,"column":39}},"11":{"start":{"line":12,"column":20},"end":{"line":12,"column":51}},"12":{"start":{"line":14,"column":23},"end":{"line":14,"column":92}},"13":{"start":{"line":16,"column":0},"end":{"line":18,"column":3}},"14":{"start":{"line":20,"column":12},"end":{"line":20,"column":21}},"15":{"start":{"line":21,"column":0},"end":{"line":21,"column":23}},"16":{"start":{"line":23,"column":0},"end":{"line":26,"column":2}},"17":{"start":{"line":31,"column":15},"end":{"line":31,"column":50}},"18":{"start":{"line":32,"column":0},"end":{"line":32,"column":52}},"19":{"start":{"line":33,"column":0},"end":{"line":33,"column":39}},"20":{"start":{"line":35,"column":0},"end":{"line":35,"column":31}},"21":{"start":{"line":36,"column":0},"end":{"line":36,"column":41}},"22":{"start":{"line":39,"column":22},"end":{"line":39,"column":40}},"23":{"start":{"line":40,"column":12},"end":{"line":40,"column":39}},"24":{"start":{"line":41,"column":15},"end":{"line":41,"column":35}},"25":{"start":{"line":43,"column":19},"end":{"line":43,"column":56}},"26":{"start":{"line":44,"column":20},"end":{"line":44,"column":57}},"27":{"start":{"line":45,"column":20},"end":{"line":45,"column":58}},"28":{"start":{"line":47,"column":0},"end":{"line":49,"column":2}},"29":{"start":{"line":48,"column":4},"end":{"line":48,"column":28}},"30":{"start":{"line":52,"column":0},"end":{"line":95,"column":2}},"31":{"start":{"line":58,"column":19},"end":{"line":58,"column":40}},"32":{"start":{"line":59,"column":4},"end":{"line":61,"column":5}},"33":{"start":{"line":60,"column":6},"end":{"line":60,"column":62}},"34":{"start":{"line":63,"column":4},"end":{"line":93,"column":5}},"35":{"start":{"line":64,"column":6},"end":{"line":64,"column":29}},"36":{"start":{"line":65,"column":17},"end":{"line":65,"column":36}},"37":{"start":{"line":66,"column":25},"end":{"line":66,"column":50}},"38":{"start":{"line":68,"column":27},"end":{"line":68,"column":78}},"39":{"start":{"line":70,"column":6},"end":{"line":87,"column":7}},"40":{"start":{"line":71,"column":29},"end":{"line":74,"column":9}},"41":{"start":{"line":76,"column":8},"end":{"line":82,"column":9}},"42":{"start":{"line":77,"column":10},"end":{"line":77,"column":71}},"43":{"start":{"line":78,"column":10},"end":{"line":78,"column":68}},"44":{"start":{"line":80,"column":10},"end":{"line":80,"column":70}},"45":{"start":{"line":81,"column":10},"end":{"line":81,"column":79}},"46":{"start":{"line":84,"column":23},"end":{"line":84,"column":59}},"47":{"start":{"line":85,"column":8},"end":{"line":85,"column":85}},"48":{"start":{"line":86,"column":8},"end":{"line":86,"column":73}},"49":{"start":{"line":89,"column":6},"end":{"line":89,"column":85}},"50":{"start":{"line":90,"column":6},"end":{"line":90,"column":83}},"51":{"start":{"line":92,"column":6},"end":{"line":92,"column":27}},"52":{"start":{"line":99,"column":0},"end":{"line":105,"column":2}},"53":{"start":{"line":100,"column":2},"end":{"line":104,"column":5}},"54":{"start":{"line":101,"column":4},"end":{"line":103,"column":5}},"55":{"start":{"line":102,"column":6},"end":{"line":102,"column":28}},"56":{"start":{"line":108,"column":0},"end":{"line":175,"column":2}},"57":{"start":{"line":115,"column":19},"end":{"line":115,"column":40}},"58":{"start":{"line":116,"column":4},"end":{"line":118,"column":5}},"59":{"start":{"line":117,"column":6},"end":{"line":117,"column":62}},"60":{"start":{"line":120,"column":4},"end":{"line":173,"column":5}},"61":{"start":{"line":121,"column":6},"end":{"line":121,"column":29}},"62":{"start":{"line":122,"column":17},"end":{"line":122,"column":36}},"63":{"start":{"line":123,"column":25},"end":{"line":123,"column":50}},"64":{"start":{"line":125,"column":24},"end":{"line":125,"column":42}},"65":{"start":{"line":126,"column":26},"end":{"line":126,"column":46}},"66":{"start":{"line":128,"column":25},"end":{"line":128,"column":71}},"67":{"start":{"line":130,"column":6},"end":{"line":167,"column":7}},"68":{"start":{"line":131,"column":27},"end":{"line":131,"column":47}},"69":{"start":{"line":132,"column":27},"end":{"line":134,"column":9}},"70":{"start":{"line":136,"column":27},"end":{"line":136,"column":77}},"71":{"start":{"line":138,"column":8},"end":{"line":142,"column":9}},"72":{"start":{"line":139,"column":10},"end":{"line":139,"column":65}},"73":{"start":{"line":141,"column":10},"end":{"line":141,"column":73}},"74":{"start":{"line":144,"column":29},"end":{"line":144,"column":77}},"75":{"start":{"line":146,"column":8},"end":{"line":161,"column":9}},"76":{"start":{"line":147,"column":31},"end":{"line":147,"column":53}},"77":{"start":{"line":148,"column":31},"end":{"line":150,"column":11}},"78":{"start":{"line":152,"column":31},"end":{"line":152,"column":85}},"79":{"start":{"line":154,"column":10},"end":{"line":158,"column":11}},"80":{"start":{"line":155,"column":12},"end":{"line":155,"column":67}},"81":{"start":{"line":157,"column":12},"end":{"line":157,"column":75}},"82":{"start":{"line":160,"column":10},"end":{"line":160,"column":59}},"83":{"start":{"line":163,"column":8},"end":{"line":163,"column":66}},"84":{"start":{"line":165,"column":8},"end":{"line":165,"column":55}},"85":{"start":{"line":166,"column":8},"end":{"line":166,"column":64}},"86":{"start":{"line":169,"column":6},"end":{"line":169,"column":52}},"87":{"start":{"line":170,"column":6},"end":{"line":170,"column":51}},"88":{"start":{"line":172,"column":6},"end":{"line":172,"column":27}},"89":{"start":{"line":179,"column":2},"end":{"line":204,"column":3}},"90":{"start":{"line":180,"column":29},"end":{"line":180,"column":59}},"91":{"start":{"line":183,"column":23},"end":{"line":183,"column":71}},"92":{"start":{"line":184,"column":4},"end":{"line":184,"column":36}},"93":{"start":{"line":187,"column":4},"end":{"line":189,"column":5}},"94":{"start":{"line":188,"column":6},"end":{"line":188,"column":30}},"95":{"start":{"line":192,"column":21},"end":{"line":192,"column":50}},"96":{"start":{"line":193,"column":23},"end":{"line":193,"column":40}},"97":{"start":{"line":196,"column":22},"end":{"line":196,"column":58}},"98":{"start":{"line":197,"column":24},"end":{"line":197,"column":62}},"99":{"start":{"line":198,"column":26},"end":{"line":198,"column":55}},"100":{"start":{"line":200,"column":4},"end":{"line":200,"column":25}},"101":{"start":{"line":202,"column":4},"end":{"line":202,"column":55}},"102":{"start":{"line":203,"column":4},"end":{"line":203,"column":16}},"103":{"start":{"line":207,"column":19},"end":{"line":210,"column":1}},"104":{"start":{"line":208,"column":19},"end":{"line":208,"column":36}},"105":{"start":{"line":209,"column":2},"end":{"line":209,"column":63}},"106":{"start":{"line":212,"column":20},"end":{"line":215,"column":1}},"107":{"start":{"line":213,"column":20},"end":{"line":213,"column":37}},"108":{"start":{"line":214,"column":2},"end":{"line":214,"column":68}},"109":{"start":{"line":218,"column":0},"end":{"line":335,"column":3}},"110":{"start":{"line":228,"column":19},"end":{"line":228,"column":40}},"111":{"start":{"line":229,"column":4},"end":{"line":231,"column":5}},"112":{"start":{"line":230,"column":6},"end":{"line":230,"column":62}},"113":{"start":{"line":232,"column":20},"end":{"line":232,"column":34}},"114":{"start":{"line":233,"column":20},"end":{"line":233,"column":37}},"115":{"start":{"line":234,"column":19},"end":{"line":234,"column":37}},"116":{"start":{"line":235,"column":20},"end":{"line":235,"column":39}},"117":{"start":{"line":236,"column":23},"end":{"line":236,"column":36}},"118":{"start":{"line":239,"column":28},"end":{"line":239,"column":30}},"119":{"start":{"line":241,"column":2},"end":{"line":334,"column":3}},"120":{"start":{"line":242,"column":4},"end":{"line":242,"column":27}},"121":{"start":{"line":243,"column":15},"end":{"line":243,"column":34}},"122":{"start":{"line":244,"column":23},"end":{"line":244,"column":48}},"123":{"start":{"line":246,"column":23},"end":{"line":246,"column":69}},"124":{"start":{"line":248,"column":4},"end":{"line":331,"column":5}},"125":{"start":{"line":249,"column":25},"end":{"line":249,"column":46}},"126":{"start":{"line":250,"column":26},"end":{"line":250,"column":47}},"127":{"start":{"line":257,"column":21},"end":{"line":257,"column":60}},"128":{"start":{"line":258,"column":38},"end":{"line":258,"column":69}},"129":{"start":{"line":259,"column":19},"end":{"line":259,"column":28}},"130":{"start":{"line":260,"column":4},"end":{"line":262,"column":5}},"131":{"start":{"line":261,"column":6},"end":{"line":261,"column":21}},"132":{"start":{"line":263,"column":31},"end":{"line":263,"column":150}},"133":{"start":{"line":268,"column":6},"end":{"line":268,"column":37}},"134":{"start":{"line":271,"column":23},"end":{"line":277,"column":8}},"135":{"start":{"line":280,"column":22},"end":{"line":290,"column":7}},"136":{"start":{"line":292,"column":22},"end":{"line":320,"column":8}},"137":{"start":{"line":293,"column":19},"end":{"line":293,"column":21}},"138":{"start":{"line":295,"column":8},"end":{"line":298,"column":11}},"139":{"start":{"line":296,"column":10},"end":{"line":296,"column":24}},"140":{"start":{"line":297,"column":10},"end":{"line":297,"column":27}},"141":{"start":{"line":300,"column":8},"end":{"line":319,"column":11}},"142":{"start":{"line":301,"column":27},"end":{"line":301,"column":43}},"143":{"start":{"line":302,"column":10},"end":{"line":302,"column":31}},"144":{"start":{"line":304,"column":43},"end":{"line":310,"column":12}},"145":{"start":{"line":305,"column":12},"end":{"line":308,"column":13}},"146":{"start":{"line":306,"column":46},"end":{"line":306,"column":97}},"147":{"start":{"line":307,"column":14},"end":{"line":307,"column":45}},"148":{"start":{"line":309,"column":12},"end":{"line":309,"column":24}},"149":{"start":{"line":312,"column":10},"end":{"line":316,"column":11}},"150":{"start":{"line":313,"column":12},"end":{"line":313,"column":58}},"151":{"start":{"line":315,"column":12},"end":{"line":315,"column":60}},"152":{"start":{"line":318,"column":10},"end":{"line":318,"column":25}},"153":{"start":{"line":322,"column":6},"end":{"line":325,"column":9}},"154":{"start":{"line":323,"column":8},"end":{"line":323,"column":52}},"155":{"start":{"line":324,"column":8},"end":{"line":324,"column":87}},"156":{"start":{"line":327,"column":6},"end":{"line":327,"column":30}},"157":{"start":{"line":328,"column":6},"end":{"line":328,"column":20}},"158":{"start":{"line":330,"column":6},"end":{"line":330,"column":61}},"159":{"start":{"line":333,"column":4},"end":{"line":333,"column":77}},"160":{"start":{"line":338,"column":0},"end":{"line":366,"column":3}},"161":{"start":{"line":339,"column":2},"end":{"line":339,"column":55}},"162":{"start":{"line":340,"column":2},"end":{"line":365,"column":3}},"163":{"start":{"line":341,"column":4},"end":{"line":341,"column":27}},"164":{"start":{"line":343,"column":15},"end":{"line":343,"column":34}},"165":{"start":{"line":344,"column":23},"end":{"line":344,"column":48}},"166":{"start":{"line":347,"column":24},"end":{"line":347,"column":90}},"167":{"start":{"line":349,"column":4},"end":{"line":359,"column":5}},"168":{"start":{"line":350,"column":6},"end":{"line":356,"column":9}},"169":{"start":{"line":358,"column":6},"end":{"line":358,"column":79}},"170":{"start":{"line":361,"column":4},"end":{"line":361,"column":19}},"171":{"start":{"line":363,"column":4},"end":{"line":363,"column":33}},"172":{"start":{"line":364,"column":4},"end":{"line":364,"column":90}},"173":{"start":{"line":370,"column":0},"end":{"line":394,"column":3}},"174":{"start":{"line":377,"column":17},"end":{"line":377,"column":38}},"175":{"start":{"line":378,"column":2},"end":{"line":380,"column":3}},"176":{"start":{"line":379,"column":4},"end":{"line":379,"column":60}},"177":{"start":{"line":381,"column":2},"end":{"line":393,"column":3}},"178":{"start":{"line":382,"column":4},"end":{"line":382,"column":26}},"179":{"start":{"line":383,"column":62},"end":{"line":383,"column":70}},"180":{"start":{"line":385,"column":4},"end":{"line":385,"column":29}},"181":{"start":{"line":386,"column":19},"end":{"line":386,"column":86}},"182":{"start":{"line":387,"column":4},"end":{"line":387,"column":24}},"183":{"start":{"line":389,"column":2},"end":{"line":389,"column":19}},"184":{"start":{"line":391,"column":4},"end":{"line":391,"column":23}},"185":{"start":{"line":392,"column":4},"end":{"line":392,"column":86}},"186":{"start":{"line":397,"column":0},"end":{"line":447,"column":3}},"187":{"start":{"line":405,"column":19},"end":{"line":405,"column":40}},"188":{"start":{"line":406,"column":4},"end":{"line":408,"column":5}},"189":{"start":{"line":407,"column":6},"end":{"line":407,"column":62}},"190":{"start":{"line":409,"column":2},"end":{"line":445,"column":3}},"191":{"start":{"line":410,"column":4},"end":{"line":410,"column":27}},"192":{"start":{"line":411,"column":4},"end":{"line":411,"column":26}},"193":{"start":{"line":412,"column":75},"end":{"line":412,"column":83}},"194":{"start":{"line":415,"column":15},"end":{"line":415,"column":34}},"195":{"start":{"line":416,"column":23},"end":{"line":416,"column":48}},"196":{"start":{"line":418,"column":23},"end":{"line":418,"column":71}},"197":{"start":{"line":419,"column":4},"end":{"line":419,"column":27}},"198":{"start":{"line":423,"column":4},"end":{"line":441,"column":5}},"199":{"start":{"line":425,"column":25},"end":{"line":425,"column":46}},"200":{"start":{"line":426,"column":26},"end":{"line":426,"column":47}},"201":{"start":{"line":428,"column":6},"end":{"line":428,"column":31}},"202":{"start":{"line":429,"column":21},"end":{"line":429,"column":120}},"203":{"start":{"line":430,"column":6},"end":{"line":430,"column":26}},"204":{"start":{"line":433,"column":5},"end":{"line":437,"column":7}},"205":{"start":{"line":434,"column":8},"end":{"line":434,"column":27}},"206":{"start":{"line":436,"column":8},"end":{"line":436,"column":56}},"207":{"start":{"line":440,"column":6},"end":{"line":440,"column":71}},"208":{"start":{"line":443,"column":4},"end":{"line":443,"column":23}},"209":{"start":{"line":444,"column":4},"end":{"line":444,"column":93}},"210":{"start":{"line":446,"column":2},"end":{"line":446,"column":23}},"211":{"start":{"line":450,"column":0},"end":{"line":491,"column":3}},"212":{"start":{"line":451,"column":2},"end":{"line":451,"column":51}},"213":{"start":{"line":452,"column":2},"end":{"line":490,"column":3}},"214":{"start":{"line":453,"column":4},"end":{"line":453,"column":27}},"215":{"start":{"line":455,"column":15},"end":{"line":455,"column":34}},"216":{"start":{"line":456,"column":23},"end":{"line":456,"column":48}},"217":{"start":{"line":458,"column":22},"end":{"line":458,"column":41}},"218":{"start":{"line":460,"column":23},"end":{"line":460,"column":69}},"219":{"start":{"line":461,"column":4},"end":{"line":461,"column":27}},"220":{"start":{"line":464,"column":4},"end":{"line":484,"column":5}},"221":{"start":{"line":466,"column":24},"end":{"line":466,"column":46}},"222":{"start":{"line":467,"column":6},"end":{"line":467,"column":27}},"223":{"start":{"line":470,"column":22},"end":{"line":475,"column":7}},"224":{"start":{"line":478,"column":6},"end":{"line":478,"column":62}},"225":{"start":{"line":480,"column":6},"end":{"line":480,"column":67}},"226":{"start":{"line":483,"column":6},"end":{"line":483,"column":72}},"227":{"start":{"line":486,"column":4},"end":{"line":486,"column":19}},"228":{"start":{"line":488,"column":4},"end":{"line":488,"column":33}},"229":{"start":{"line":489,"column":4},"end":{"line":489,"column":73}},"230":{"start":{"line":494,"column":11},"end":{"line":494,"column":30}},"231":{"start":{"line":495,"column":0},"end":{"line":495,"column":72}},"232":{"start":{"line":496,"column":0},"end":{"line":498,"column":2}},"233":{"start":{"line":497,"column":2},"end":{"line":497,"column":46}},"234":{"start":{"line":502,"column":2},"end":{"line":502,"column":39}},"235":{"start":{"line":503,"column":2},"end":{"line":516,"column":3}},"236":{"start":{"line":504,"column":6},"end":{"line":504,"column":28}},"237":{"start":{"line":505,"column":6},"end":{"line":505,"column":59}},"238":{"start":{"line":506,"column":19},"end":{"line":511,"column":8}},"239":{"start":{"line":508,"column":21},"end":{"line":508,"column":45}},"240":{"start":{"line":509,"column":21},"end":{"line":509,"column":42}},"241":{"start":{"line":510,"column":10},"end":{"line":510,"column":89}},"242":{"start":{"line":514,"column":6},"end":{"line":514,"column":22}},"243":{"start":{"line":515,"column":6},"end":{"line":515,"column":26}},"244":{"start":{"line":519,"column":0},"end":{"line":519,"column":5}}},"fnMap":{"0":{"name":"(anonymous_0)","decl":{"start":{"line":31,"column":33},"end":{"line":31,"column":34}},"loc":{"start":{"line":31,"column":47},"end":{"line":31,"column":49}},"line":31},"1":{"name":"(anonymous_1)","decl":{"start":{"line":47,"column":13},"end":{"line":47,"column":14}},"loc":{"start":{"line":47,"column":27},"end":{"line":49,"column":1}},"line":47},"2":{"name":"(anonymous_2)","decl":{"start":{"line":57,"column":2},"end":{"line":57,"column":3}},"loc":{"start":{"line":57,"column":22},"end":{"line":94,"column":3}},"line":57},"3":{"name":"(anonymous_3)","decl":{"start":{"line":99,"column":21},"end":{"line":99,"column":22}},"loc":{"start":{"line":99,"column":31},"end":{"line":105,"column":1}},"line":99},"4":{"name":"(anonymous_4)","decl":{"start":{"line":100,"column":31},"end":{"line":100,"column":32}},"loc":{"start":{"line":100,"column":47},"end":{"line":104,"column":3}},"line":100},"5":{"name":"(anonymous_5)","decl":{"start":{"line":114,"column":2},"end":{"line":114,"column":3}},"loc":{"start":{"line":114,"column":22},"end":{"line":174,"column":3}},"line":114},"6":{"name":"getFormattedSubtractedTime","decl":{"start":{"line":178,"column":9},"end":{"line":178,"column":35}},"loc":{"start":{"line":178,"column":63},"end":{"line":205,"column":1}},"line":178},"7":{"name":"(anonymous_7)","decl":{"start":{"line":207,"column":19},"end":{"line":207,"column":20}},"loc":{"start":{"line":207,"column":30},"end":{"line":210,"column":1}},"line":207},"8":{"name":"(anonymous_8)","decl":{"start":{"line":212,"column":20},"end":{"line":212,"column":21}},"loc":{"start":{"line":212,"column":31},"end":{"line":215,"column":1}},"line":212},"9":{"name":"(anonymous_9)","decl":{"start":{"line":227,"column":2},"end":{"line":227,"column":3}},"loc":{"start":{"line":227,"column":22},"end":{"line":335,"column":1}},"line":227},"10":{"name":"(anonymous_10)","decl":{"start":{"line":292,"column":45},"end":{"line":292,"column":46}},"loc":{"start":{"line":292,"column":64},"end":{"line":320,"column":7}},"line":292},"11":{"name":"(anonymous_11)","decl":{"start":{"line":295,"column":33},"end":{"line":295,"column":34}},"loc":{"start":{"line":295,"column":44},"end":{"line":298,"column":9}},"line":295},"12":{"name":"(anonymous_12)","decl":{"start":{"line":300,"column":32},"end":{"line":300,"column":33}},"loc":{"start":{"line":300,"column":38},"end":{"line":319,"column":9}},"line":300},"13":{"name":"(anonymous_13)","decl":{"start":{"line":304,"column":56},"end":{"line":304,"column":57}},"loc":{"start":{"line":304,"column":66},"end":{"line":310,"column":11}},"line":304},"14":{"name":"(anonymous_14)","decl":{"start":{"line":322,"column":26},"end":{"line":322,"column":27}},"loc":{"start":{"line":322,"column":37},"end":{"line":325,"column":7}},"line":322},"15":{"name":"(anonymous_15)","decl":{"start":{"line":338,"column":27},"end":{"line":338,"column":28}},"loc":{"start":{"line":338,"column":47},"end":{"line":366,"column":1}},"line":338},"16":{"name":"(anonymous_16)","decl":{"start":{"line":376,"column":3},"end":{"line":376,"column":4}},"loc":{"start":{"line":376,"column":23},"end":{"line":394,"column":1}},"line":376},"17":{"name":"(anonymous_17)","decl":{"start":{"line":404,"column":5},"end":{"line":404,"column":6}},"loc":{"start":{"line":404,"column":25},"end":{"line":447,"column":1}},"line":404},"18":{"name":"(anonymous_18)","decl":{"start":{"line":450,"column":19},"end":{"line":450,"column":20}},"loc":{"start":{"line":450,"column":39},"end":{"line":491,"column":1}},"line":450},"19":{"name":"(anonymous_19)","decl":{"start":{"line":496,"column":16},"end":{"line":496,"column":17}},"loc":{"start":{"line":496,"column":22},"end":{"line":498,"column":1}},"line":496},"20":{"name":"run","decl":{"start":{"line":501,"column":15},"end":{"line":501,"column":18}},"loc":{"start":{"line":501,"column":20},"end":{"line":517,"column":1}},"line":501},"21":{"name":"(anonymous_21)","decl":{"start":{"line":506,"column":80},"end":{"line":506,"column":81}},"loc":{"start":{"line":506,"column":93},"end":{"line":511,"column":7}},"line":506}},"branchMap":{"0":{"loc":{"start":{"line":59,"column":4},"end":{"line":61,"column":5}},"type":"if","locations":[{"start":{"line":59,"column":4},"end":{"line":61,"column":5}},{"start":{},"end":{}}],"line":59},"1":{"loc":{"start":{"line":70,"column":6},"end":{"line":87,"column":7}},"type":"if","locations":[{"start":{"line":70,"column":6},"end":{"line":87,"column":7}},{"start":{"line":83,"column":13},"end":{"line":87,"column":7}}],"line":70},"2":{"loc":{"start":{"line":76,"column":8},"end":{"line":82,"column":9}},"type":"if","locations":[{"start":{"line":76,"column":8},"end":{"line":82,"column":9}},{"start":{"line":79,"column":15},"end":{"line":82,"column":9}}],"line":76},"3":{"loc":{"start":{"line":101,"column":4},"end":{"line":103,"column":5}},"type":"if","locations":[{"start":{"line":101,"column":4},"end":{"line":103,"column":5}},{"start":{},"end":{}}],"line":101},"4":{"loc":{"start":{"line":116,"column":4},"end":{"line":118,"column":5}},"type":"if","locations":[{"start":{"line":116,"column":4},"end":{"line":118,"column":5}},{"start":{},"end":{}}],"line":116},"5":{"loc":{"start":{"line":130,"column":6},"end":{"line":167,"column":7}},"type":"if","locations":[{"start":{"line":130,"column":6},"end":{"line":167,"column":7}},{"start":{"line":164,"column":13},"end":{"line":167,"column":7}}],"line":130},"6":{"loc":{"start":{"line":138,"column":8},"end":{"line":142,"column":9}},"type":"if","locations":[{"start":{"line":138,"column":8},"end":{"line":142,"column":9}},{"start":{"line":140,"column":15},"end":{"line":142,"column":9}}],"line":138},"7":{"loc":{"start":{"line":146,"column":8},"end":{"line":161,"column":9}},"type":"if","locations":[{"start":{"line":146,"column":8},"end":{"line":161,"column":9}},{"start":{"line":159,"column":15},"end":{"line":161,"column":9}}],"line":146},"8":{"loc":{"start":{"line":154,"column":10},"end":{"line":158,"column":11}},"type":"if","locations":[{"start":{"line":154,"column":10},"end":{"line":158,"column":11}},{"start":{"line":156,"column":17},"end":{"line":158,"column":11}}],"line":154},"9":{"loc":{"start":{"line":179,"column":2},"end":{"line":204,"column":3}},"type":"if","locations":[{"start":{"line":179,"column":2},"end":{"line":204,"column":3}},{"start":{"line":201,"column":9},"end":{"line":204,"column":3}}],"line":179},"10":{"loc":{"start":{"line":179,"column":6},"end":{"line":179,"column":43}},"type":"binary-expr","locations":[{"start":{"line":179,"column":6},"end":{"line":179,"column":20}},{"start":{"line":179,"column":24},"end":{"line":179,"column":43}}],"line":179},"11":{"loc":{"start":{"line":187,"column":4},"end":{"line":189,"column":5}},"type":"if","locations":[{"start":{"line":187,"column":4},"end":{"line":189,"column":5}},{"start":{},"end":{}}],"line":187},"12":{"loc":{"start":{"line":209,"column":9},"end":{"line":209,"column":62}},"type":"binary-expr","locations":[{"start":{"line":209,"column":9},"end":{"line":209,"column":25}},{"start":{"line":209,"column":29},"end":{"line":209,"column":44}},{"start":{"line":209,"column":48},"end":{"line":209,"column":62}}],"line":209},"13":{"loc":{"start":{"line":214,"column":9},"end":{"line":214,"column":67}},"type":"binary-expr","locations":[{"start":{"line":214,"column":9},"end":{"line":214,"column":26}},{"start":{"line":214,"column":30},"end":{"line":214,"column":47}},{"start":{"line":214,"column":51},"end":{"line":214,"column":67}}],"line":214},"14":{"loc":{"start":{"line":229,"column":4},"end":{"line":231,"column":5}},"type":"if","locations":[{"start":{"line":229,"column":4},"end":{"line":231,"column":5}},{"start":{},"end":{}}],"line":229},"15":{"loc":{"start":{"line":248,"column":4},"end":{"line":331,"column":5}},"type":"if","locations":[{"start":{"line":248,"column":4},"end":{"line":331,"column":5}},{"start":{"line":329,"column":11},"end":{"line":331,"column":5}}],"line":248},"16":{"loc":{"start":{"line":260,"column":4},"end":{"line":262,"column":5}},"type":"if","locations":[{"start":{"line":260,"column":4},"end":{"line":262,"column":5}},{"start":{},"end":{}}],"line":260},"17":{"loc":{"start":{"line":305,"column":12},"end":{"line":308,"column":13}},"type":"if","locations":[{"start":{"line":305,"column":12},"end":{"line":308,"column":13}},{"start":{},"end":{}}],"line":305},"18":{"loc":{"start":{"line":305,"column":16},"end":{"line":305,"column":45}},"type":"binary-expr","locations":[{"start":{"line":305,"column":16},"end":{"line":305,"column":26}},{"start":{"line":305,"column":30},"end":{"line":305,"column":45}}],"line":305},"19":{"loc":{"start":{"line":312,"column":10},"end":{"line":316,"column":11}},"type":"if","locations":[{"start":{"line":312,"column":10},"end":{"line":316,"column":11}},{"start":{"line":314,"column":17},"end":{"line":316,"column":11}}],"line":312},"20":{"loc":{"start":{"line":349,"column":4},"end":{"line":359,"column":5}},"type":"if","locations":[{"start":{"line":349,"column":4},"end":{"line":359,"column":5}},{"start":{"line":357,"column":11},"end":{"line":359,"column":5}}],"line":349},"21":{"loc":{"start":{"line":378,"column":2},"end":{"line":380,"column":3}},"type":"if","locations":[{"start":{"line":378,"column":2},"end":{"line":380,"column":3}},{"start":{},"end":{}}],"line":378},"22":{"loc":{"start":{"line":406,"column":4},"end":{"line":408,"column":5}},"type":"if","locations":[{"start":{"line":406,"column":4},"end":{"line":408,"column":5}},{"start":{},"end":{}}],"line":406},"23":{"loc":{"start":{"line":423,"column":4},"end":{"line":441,"column":5}},"type":"if","locations":[{"start":{"line":423,"column":4},"end":{"line":441,"column":5}},{"start":{"line":439,"column":8},"end":{"line":441,"column":5}}],"line":423},"24":{"loc":{"start":{"line":433,"column":5},"end":{"line":437,"column":7}},"type":"if","locations":[{"start":{"line":433,"column":5},"end":{"line":437,"column":7}},{"start":{"line":435,"column":13},"end":{"line":437,"column":7}}],"line":433},"25":{"loc":{"start":{"line":464,"column":4},"end":{"line":484,"column":5}},"type":"if","locations":[{"start":{"line":464,"column":4},"end":{"line":484,"column":5}},{"start":{"line":482,"column":11},"end":{"line":484,"column":5}}],"line":464}},"s":{"0":0,"1":0,"2":0,"3":0,"4":0,"5":0,"6":0,"7":0,"8":0,"9":0,"10":0,"11":0,"12":0,"13":0,"14":0,"15":0,"16":0,"17":0,"18":0,"19":0,"20":0,"21":0,"22":0,"23":0,"24":0,"25":0,"26":0,"27":0,"28":0,"29":0,"30":0,"31":0,"32":0,"33":0,"34":0,"35":0,"36":0,"37":0,"38":0,"39":0,"40":0,"41":0,"42":0,"43":0,"44":0,"45":0,"46":0,"47":0,"48":0,"49":0,"50":0,"51":0,"52":0,"53":0,"54":0,"55":0,"56":0,"57":0,"58":0,"59":0,"60":0,"61":0,"62":0,"63":0,"64":0,"65":0,"66":0,"67":0,"68":0,"69":0,"70":0,"71":0,"72":0,"73":0,"74":0,"75":0,"76":0,"77":0,"78":0,"79":0,"80":0,"81":0,"82":0,"83":0,"84":0,"85":0,"86":0,"87":0,"88":0,"89":0,"90":0,"91":0,"92":0,"93":0,"94":0,"95":0,"96":0,"97":0,"98":0,"99":0,"100":0,"101":0,"102":0,"103":0,"104":0,"105":0,"106":0,"107":0,"108":0,"109":0,"110":0,"111":0,"112":0,"113":0,"114":0,"115":0,"116":0,"117":0,"118":0,"119":0,"120":0,"121":0,"122":0,"123":0,"124":0,"125":0,"126":0,"127":0,"128":0,"129":0,"130":0,"131":0,"132":0,"133":0,"134":0,"135":0,"136":0,"137":0,"138":0,"139":0,"140":0,"141":0,"142":0,"143":0,"144":0,"145":0,"146":0,"147":0,"148":0,"149":0,"150":0,"151":0,"152":0,"153":0,"154":0,"155":0,"156":0,"157":0,"158":0,"159":0,"160":0,"161":0,"162":0,"163":0,"164":0,"165":0,"166":0,"167":0,"168":0,"169":0,"170":0,"171":0,"172":0,"173":0,"174":0,"175":0,"176":0,"177":0,"178":0,"179":0,"180":0,"181":0,"182":0,"183":0,"184":0,"185":0,"186":0,"187":0,"188":0,"189":0,"190":0,"191":0,"192":0,"193":0,"194":0,"195":0,"196":0,"197":0,"198":0,"199":0,"200":0,"201":0,"202":0,"203":0,"204":0,"205":0,"206":0,"207":0,"208":0,"209":0,"210":0,"211":0,"212":0,"213":0,"214":0,"215":0,"216":0,"217":0,"218":0,"219":0,"220":0,"221":0,"222":0,"223":0,"224":0,"225":0,"226":0,"227":0,"228":0,"229":0,"230":0,"231":0,"232":0,"233":0,"234":0,"235":0,"236":0,"237":0,"238":0,"239":0,"240":0,"241":0,"242":0,"243":0,"244":0},"f":{"0":0,"1":0,"2":0,"3":0,"4":0,"5":0,"6":0,"7":0,"8":0,"9":0,"10":0,"11":0,"12":0,"13":0,"14":0,"15":0,"16":0,"17":0,"18":0,"19":0,"20":0,"21":0},"b":{"0":[0,0],"1":[0,0],"2":[0,0],"3":[0,0],"4":[0,0],"5":[0,0],"6":[0,0],"7":[0,0],"8":[0,0],"9":[0,0],"10":[0,0],"11":[0,0],"12":[0,0,0],"13":[0,0,0],"14":[0,0],"15":[0,0],"16":[0,0],"17":[0,0],"18":[0,0],"19":[0,0],"20":[0,0],"21":[0,0],"22":[0,0],"23":[0,0],"24":[0,0],"25":[0,0]}}
,"D:\\UBC\\Fall 2023\\CPEN 321\\Git_Project\\JAAM-project\\backend\\controllers\\chat.js": {"path":"D:\\UBC\\Fall 2023\\CPEN 321\\Git_Project\\JAAM-project\\backend\\controllers\\chat.js","statementMap":{"0":{"start":{"line":1,"column":16},"end":{"line":1,"column":44}},"1":{"start":{"line":2,"column":16},"end":{"line":2,"column":34}},"2":{"start":{"line":3,"column":22},"end":{"line":3,"column":40}},"3":{"start":{"line":4,"column":12},"end":{"line":4,"column":37}},"4":{"start":{"line":5,"column":27},"end":{"line":5,"column":51}},"5":{"start":{"line":6,"column":19},"end":{"line":6,"column":43}},"6":{"start":{"line":8,"column":12},"end":{"line":8,"column":21}},"7":{"start":{"line":11,"column":0},"end":{"line":56,"column":2}},"8":{"start":{"line":12,"column":2},"end":{"line":55,"column":3}},"9":{"start":{"line":13,"column":49},"end":{"line":13,"column":57}},"10":{"start":{"line":15,"column":4},"end":{"line":15,"column":49}},"11":{"start":{"line":20,"column":28},"end":{"line":20,"column":63}},"12":{"start":{"line":22,"column":4},"end":{"line":24,"column":5}},"13":{"start":{"line":23,"column":6},"end":{"line":23,"column":67}},"14":{"start":{"line":26,"column":23},"end":{"line":31,"column":6}},"15":{"start":{"line":33,"column":4},"end":{"line":33,"column":28}},"16":{"start":{"line":36,"column":4},"end":{"line":38,"column":5}},"17":{"start":{"line":37,"column":6},"end":{"line":37,"column":67}},"18":{"start":{"line":41,"column":20},"end":{"line":46,"column":5}},"19":{"start":{"line":49,"column":4},"end":{"line":49,"column":76}},"20":{"start":{"line":51,"column":4},"end":{"line":51,"column":67}},"21":{"start":{"line":53,"column":4},"end":{"line":53,"column":25}},"22":{"start":{"line":54,"column":4},"end":{"line":54,"column":65}},"23":{"start":{"line":91,"column":0},"end":{"line":110,"column":2}},"24":{"start":{"line":92,"column":2},"end":{"line":109,"column":3}},"25":{"start":{"line":93,"column":24},"end":{"line":93,"column":45}},"26":{"start":{"line":94,"column":26},"end":{"line":94,"column":49}},"27":{"start":{"line":96,"column":4},"end":{"line":96,"column":28}},"28":{"start":{"line":97,"column":4},"end":{"line":97,"column":30}},"29":{"start":{"line":101,"column":24},"end":{"line":101,"column":87}},"30":{"start":{"line":105,"column":4},"end":{"line":105,"column":38}},"31":{"start":{"line":107,"column":4},"end":{"line":107,"column":25}},"32":{"start":{"line":108,"column":4},"end":{"line":108,"column":75}}},"fnMap":{"0":{"name":"(anonymous_0)","decl":{"start":{"line":11,"column":22},"end":{"line":11,"column":23}},"loc":{"start":{"line":11,"column":42},"end":{"line":56,"column":1}},"line":11},"1":{"name":"(anonymous_1)","decl":{"start":{"line":91,"column":25},"end":{"line":91,"column":26}},"loc":{"start":{"line":91,"column":45},"end":{"line":110,"column":1}},"line":91}},"branchMap":{"0":{"loc":{"start":{"line":22,"column":4},"end":{"line":24,"column":5}},"type":"if","locations":[{"start":{"line":22,"column":4},"end":{"line":24,"column":5}},{"start":{},"end":{}}],"line":22},"1":{"loc":{"start":{"line":36,"column":4},"end":{"line":38,"column":5}},"type":"if","locations":[{"start":{"line":36,"column":4},"end":{"line":38,"column":5}},{"start":{},"end":{}}],"line":36}},"s":{"0":8,"1":8,"2":8,"3":8,"4":8,"5":8,"6":8,"7":8,"8":4,"9":4,"10":4,"11":4,"12":4,"13":1,"14":3,"15":3,"16":3,"17":1,"18":2,"19":2,"20":1,"21":1,"22":1,"23":8,"24":2,"25":2,"26":2,"27":2,"28":2,"29":2,"30":1,"31":1,"32":1},"f":{"0":4,"1":2},"b":{"0":[1,3],"1":[1,2]},"_coverageSchema":"1a1c01bbd47fc00a2c39e90264f33305004495a9","hash":"e6dad76506c77b8a1e30eb592e8adc6327821635"}
,"D:\\UBC\\Fall 2023\\CPEN 321\\Git_Project\\JAAM-project\\backend\\coverage\\lcov-report\\block-navigation.js": {"path":"D:\\UBC\\Fall 2023\\CPEN 321\\Git_Project\\JAAM-project\\backend\\coverage\\lcov-report\\block-navigation.js","statementMap":{"0":{"start":{"line":2,"column":17},"end":{"line":86,"column":4}},"1":{"start":{"line":4,"column":33},"end":{"line":4,"column":74}},"2":{"start":{"line":7,"column":30},"end":{"line":7,"column":44}},"3":{"start":{"line":10,"column":22},"end":{"line":10,"column":78}},"4":{"start":{"line":14,"column":8},"end":{"line":17,"column":55}},"5":{"start":{"line":20,"column":34},"end":{"line":20,"column":69}},"6":{"start":{"line":25,"column":8},"end":{"line":27,"column":45}},"7":{"start":{"line":28,"column":8},"end":{"line":28,"column":73}},"8":{"start":{"line":32,"column":8},"end":{"line":32,"column":27}},"9":{"start":{"line":33,"column":8},"end":{"line":33,"column":29}},"10":{"start":{"line":34,"column":8},"end":{"line":38,"column":11}},"11":{"start":{"line":42,"column":24},"end":{"line":42,"column":25}},"12":{"start":{"line":43,"column":8},"end":{"line":47,"column":9}},"13":{"start":{"line":44,"column":12},"end":{"line":44,"column":59}},"14":{"start":{"line":45,"column":15},"end":{"line":47,"column":9}},"15":{"start":{"line":46,"column":12},"end":{"line":46,"column":41}},"16":{"start":{"line":49,"column":8},"end":{"line":49,"column":31}},"17":{"start":{"line":53,"column":24},"end":{"line":53,"column":25}},"18":{"start":{"line":55,"column":8},"end":{"line":60,"column":9}},"19":{"start":{"line":59,"column":12},"end":{"line":59,"column":41}},"20":{"start":{"line":62,"column":8},"end":{"line":62,"column":31}},"21":{"start":{"line":65,"column":4},"end":{"line":85,"column":6}},"22":{"start":{"line":66,"column":8},"end":{"line":72,"column":9}},"23":{"start":{"line":71,"column":12},"end":{"line":71,"column":19}},"24":{"start":{"line":74,"column":8},"end":{"line":84,"column":9}},"25":{"start":{"line":77,"column":16},"end":{"line":77,"column":27}},"26":{"start":{"line":78,"column":16},"end":{"line":78,"column":22}},"27":{"start":{"line":82,"column":16},"end":{"line":82,"column":31}},"28":{"start":{"line":83,"column":16},"end":{"line":83,"column":22}},"29":{"start":{"line":87,"column":0},"end":{"line":87,"column":47}}},"fnMap":{"0":{"name":"init","decl":{"start":{"line":2,"column":27},"end":{"line":2,"column":31}},"loc":{"start":{"line":2,"column":34},"end":{"line":86,"column":1}},"line":2},"1":{"name":"toggleClass","decl":{"start":{"line":24,"column":13},"end":{"line":24,"column":24}},"loc":{"start":{"line":24,"column":32},"end":{"line":29,"column":5}},"line":24},"2":{"name":"makeCurrent","decl":{"start":{"line":31,"column":13},"end":{"line":31,"column":24}},"loc":{"start":{"line":31,"column":32},"end":{"line":39,"column":5}},"line":31},"3":{"name":"goToPrevious","decl":{"start":{"line":41,"column":13},"end":{"line":41,"column":25}},"loc":{"start":{"line":41,"column":28},"end":{"line":50,"column":5}},"line":41},"4":{"name":"goToNext","decl":{"start":{"line":52,"column":13},"end":{"line":52,"column":21}},"loc":{"start":{"line":52,"column":24},"end":{"line":63,"column":5}},"line":52},"5":{"name":"jump","decl":{"start":{"line":65,"column":20},"end":{"line":65,"column":24}},"loc":{"start":{"line":65,"column":32},"end":{"line":85,"column":5}},"line":65}},"branchMap":{"0":{"loc":{"start":{"line":43,"column":8},"end":{"line":47,"column":9}},"type":"if","locations":[{"start":{"line":43,"column":8},"end":{"line":47,"column":9}},{"start":{"line":45,"column":15},"end":{"line":47,"column":9}}],"line":43},"1":{"loc":{"start":{"line":43,"column":12},"end":{"line":43,"column":66}},"type":"binary-expr","locations":[{"start":{"line":43,"column":12},"end":{"line":43,"column":44}},{"start":{"line":43,"column":48},"end":{"line":43,"column":66}}],"line":43},"2":{"loc":{"start":{"line":45,"column":15},"end":{"line":47,"column":9}},"type":"if","locations":[{"start":{"line":45,"column":15},"end":{"line":47,"column":9}},{"start":{},"end":{}}],"line":45},"3":{"loc":{"start":{"line":55,"column":8},"end":{"line":60,"column":9}},"type":"if","locations":[{"start":{"line":55,"column":8},"end":{"line":60,"column":9}},{"start":{},"end":{}}],"line":55},"4":{"loc":{"start":{"line":56,"column":12},"end":{"line":57,"column":61}},"type":"binary-expr","locations":[{"start":{"line":56,"column":12},"end":{"line":56,"column":44}},{"start":{"line":57,"column":12},"end":{"line":57,"column":61}}],"line":56},"5":{"loc":{"start":{"line":66,"column":8},"end":{"line":72,"column":9}},"type":"if","locations":[{"start":{"line":66,"column":8},"end":{"line":72,"column":9}},{"start":{},"end":{}}],"line":66},"6":{"loc":{"start":{"line":67,"column":12},"end":{"line":68,"column":42}},"type":"binary-expr","locations":[{"start":{"line":67,"column":12},"end":{"line":67,"column":76}},{"start":{"line":68,"column":12},"end":{"line":68,"column":42}}],"line":67},"7":{"loc":{"start":{"line":74,"column":8},"end":{"line":84,"column":9}},"type":"switch","locations":[{"start":{"line":75,"column":12},"end":{"line":75,"column":20}},{"start":{"line":76,"column":12},"end":{"line":78,"column":22}},{"start":{"line":79,"column":12},"end":{"line":79,"column":20}},{"start":{"line":80,"column":12},"end":{"line":80,"column":20}},{"start":{"line":81,"column":12},"end":{"line":83,"column":22}}],"line":74}},"s":{"0":0,"1":0,"2":0,"3":0,"4":0,"5":0,"6":0,"7":0,"8":0,"9":0,"10":0,"11":0,"12":0,"13":0,"14":0,"15":0,"16":0,"17":0,"18":0,"19":0,"20":0,"21":0,"22":0,"23":0,"24":0,"25":0,"26":0,"27":0,"28":0,"29":0},"f":{"0":0,"1":0,"2":0,"3":0,"4":0,"5":0},"b":{"0":[0,0],"1":[0,0],"2":[0,0],"3":[0,0],"4":[0,0],"5":[0,0],"6":[0,0],"7":[0,0,0,0,0]}}
[...]
2,"column":15},"end":{"line":202,"column":27}},"112":{"start":{"line":204,"column":4},"end":{"line":209,"column":9}},"113":{"start":{"line":205,"column":8},"end":{"line":208,"column":13}},"114":{"start":{"line":207,"column":16},"end":{"line":207,"column":31}},"115":{"start":{"line":210,"column":4},"end":{"line":210,"column":19}},"116":{"start":{"line":215,"column":4},"end":{"line":215,"column":99}},"117":{"start":{"line":220,"column":16},"end":{"line":220,"column":31}},"118":{"start":{"line":221,"column":4},"end":{"line":221,"column":59}},"119":{"start":{"line":226,"column":23},"end":{"line":226,"column":32}},"120":{"start":{"line":231,"column":4},"end":{"line":246,"column":5}},"121":{"start":{"line":232,"column":8},"end":{"line":232,"column":48}},"122":{"start":{"line":233,"column":8},"end":{"line":245,"column":9}},"123":{"start":{"line":234,"column":12},"end":{"line":234,"column":43}},"124":{"start":{"line":235,"column":12},"end":{"line":235,"column":53}},"125":{"start":{"line":236,"column":12},"end":{"line":236,"column":65}},"126":{"start":{"line":237,"column":12},"end":{"line":244,"column":13}},"127":{"start":{"line":238,"column":16},"end":{"line":243,"column":17}},"128":{"start":{"line":238,"column":29},"end":{"line":238,"column":30}},"129":{"start":{"line":239,"column":20},"end":{"line":242,"column":21}},"130":{"start":{"line":240,"column":24},"end":{"line":240,"column":168}},"131":{"start":{"line":241,"column":24},"end":{"line":241,"column":64}},"132":{"start":{"line":249,"column":4},"end":{"line":249,"column":24}},"133":{"start":{"line":254,"column":15},"end":{"line":254,"column":29}},"134":{"start":{"line":255,"column":4},"end":{"line":255,"column":26}},"135":{"start":{"line":257,"column":4},"end":{"line":257,"column":48}},"136":{"start":{"line":262,"column":4},"end":{"line":262,"column":44}},"137":{"start":{"line":263,"column":21},"end":{"line":263,"column":30}},"138":{"start":{"line":264,"column":19},"end":{"line":264,"column":21}},"139":{"start":{"line":266,"column":16},"end":{"line":266,"column":19}},"140":{"start":{"line":267,"column":4},"end":{"line":270,"column":5}},"141":{"start":{"line":268,"column":8},"end":{"line":268,"column":78}},"142":{"start":{"line":269,"column":8},"end":{"line":269,"column":21}},"143":{"start":{"line":272,"column":4},"end":{"line":275,"column":5}},"144":{"start":{"line":273,"column":8},"end":{"line":273,"column":84}},"145":{"start":{"line":274,"column":8},"end":{"line":274,"column":21}},"146":{"start":{"line":276,"column":16},"end":{"line":276,"column":18}},"147":{"start":{"line":277,"column":18},"end":{"line":277,"column":27}},"148":{"start":{"line":278,"column":28},"end":{"line":278,"column":37}},"149":{"start":{"line":281,"column":4},"end":{"line":285,"column":5}},"150":{"start":{"line":282,"column":8},"end":{"line":282,"column":22}},"151":{"start":{"line":283,"column":8},"end":{"line":283,"column":53}},"152":{"start":{"line":284,"column":8},"end":{"line":284,"column":33}},"153":{"start":{"line":287,"column":16},"end":{"line":287,"column":21}},"154":{"start":{"line":289,"column":4},"end":{"line":319,"column":5}},"155":{"start":{"line":290,"column":19},"end":{"line":290,"column":21}},"156":{"start":{"line":291,"column":28},"end":{"line":291,"column":40}},"157":{"start":{"line":292,"column":26},"end":{"line":292,"column":42}},"158":{"start":{"line":293,"column":8},"end":{"line":297,"column":9}},"159":{"start":{"line":294,"column":12},"end":{"line":296,"column":15}},"160":{"start":{"line":295,"column":16},"end":{"line":295,"column":51}},"161":{"start":{"line":299,"column":8},"end":{"line":307,"column":9}},"162":{"start":{"line":300,"column":12},"end":{"line":306,"column":15}},"163":{"start":{"line":301,"column":16},"end":{"line":304,"column":17}},"164":{"start":{"line":302,"column":20},"end":{"line":302,"column":101}},"165":{"start":{"line":303,"column":20},"end":{"line":303,"column":42}},"166":{"start":{"line":305,"column":16},"end":{"line":305,"column":51}},"167":{"start":{"line":308,"column":8},"end":{"line":308,"column":21}},"168":{"start":{"line":310,"column":8},"end":{"line":315,"column":11}},"169":{"start":{"line":311,"column":12},"end":{"line":314,"column":13}},"170":{"start":{"line":312,"column":16},"end":{"line":312,"column":29}},"171":{"start":{"line":313,"column":16},"end":{"line":313,"column":29}},"172":{"start":{"line":316,"column":9},"end":{"line":318,"column":9}},"173":{"start":{"line":317,"column":12},"end":{"line":317,"column":18}},"174":{"start":{"line":321,"column":19},"end":{"line":321,"column":21}},"175":{"start":{"line":322,"column":4},"end":{"line":325,"column":5}},"176":{"start":{"line":323,"column":8},"end":{"line":323,"column":46}},"177":{"start":{"line":324,"column":8},"end":{"line":324,"column":24}},"178":{"start":{"line":327,"column":21},"end":{"line":327,"column":23}},"179":{"start":{"line":329,"column":4},"end":{"line":336,"column":5}},"180":{"start":{"line":330,"column":8},"end":{"line":335,"column":9}},"181":{"start":{"line":331,"column":12},"end":{"line":334,"column":13}},"182":{"start":{"line":332,"column":16},"end":{"line":332,"column":44}},"183":{"start":{"line":333,"column":16},"end":{"line":333,"column":36}},"184":{"start":{"line":339,"column":4},"end":{"line":354,"column":5}},"185":{"start":{"line":340,"column":8},"end":{"line":340,"column":25}},"186":{"start":{"line":341,"column":8},"end":{"line":341,"column":34}},"187":{"start":{"line":342,"column":8},"end":{"line":342,"column":87}},"188":{"start":{"line":343,"column":8},"end":{"line":343,"column":80}},"189":{"start":{"line":344,"column":8},"end":{"line":344,"column":81}},"190":{"start":{"line":345,"column":8},"end":{"line":345,"column":94}},"191":{"start":{"line":346,"column":8},"end":{"line":346,"column":69}},"192":{"start":{"line":347,"column":8},"end":{"line":347,"column":32}},"193":{"start":{"line":348,"column":8},"end":{"line":348,"column":83}},"194":{"start":{"line":349,"column":8},"end":{"line":349,"column":76}},"195":{"start":{"line":350,"column":8},"end":{"line":350,"column":77}},"196":{"start":{"line":351,"column":8},"end":{"line":351,"column":92}},"197":{"start":{"line":352,"column":8},"end":{"line":352,"column":67}},"198":{"start":{"line":353,"column":8},"end":{"line":353,"column":35}},"199":{"start":{"line":357,"column":4},"end":{"line":357,"column":20}},"200":{"start":{"line":362,"column":17},"end":{"line":362,"column":53}},"201":{"start":{"line":363,"column":17},"end":{"line":363,"column":53}},"202":{"start":{"line":365,"column":19},"end":{"line":365,"column":21}},"203":{"start":{"line":367,"column":4},"end":{"line":367,"column":72}},"204":{"start":{"line":368,"column":18},"end":{"line":368,"column":47}},"205":{"start":{"line":370,"column":4},"end":{"line":370,"column":73}},"206":{"start":{"line":371,"column":4},"end":{"line":371,"column":73}},"207":{"start":{"line":373,"column":4},"end":{"line":373,"column":20}},"208":{"start":{"line":378,"column":0},"end":{"line":382,"column":2}}},"fnMap":{"0":{"name":"init","decl":{"start":{"line":24,"column":15},"end":{"line":24,"column":19}},"loc":{"start":{"line":24,"column":22},"end":{"line":51,"column":1}},"line":24},"1":{"name":"parseGeneratedFile","decl":{"start":{"line":53,"column":9},"end":{"line":53,"column":27}},"loc":{"start":{"line":53,"column":34},"end":{"line":66,"column":1}},"line":53},"2":{"name":"(anonymous_2)","decl":{"start":{"line":54,"column":23},"end":{"line":54,"column":24}},"loc":{"start":{"line":54,"column":49},"end":{"line":65,"column":5}},"line":54},"3":{"name":"(anonymous_3)","decl":{"start":{"line":55,"column":34},"end":{"line":55,"column":35}},"loc":{"start":{"line":55,"column":49},"end":{"line":64,"column":9}},"line":55},"4":{"name":"parseTranslinkFile","decl":{"start":{"line":69,"column":9},"end":{"line":69,"column":27}},"loc":{"start":{"line":69,"column":35},"end":{"line":131,"column":1}},"line":69},"5":{"name":"(anonymous_5)","decl":{"start":{"line":70,"column":23},"end":{"line":70,"column":24}},"loc":{"start":{"line":70,"column":49},"end":{"line":130,"column":5}},"line":70},"6":{"name":"(anonymous_6)","decl":{"start":{"line":71,"column":34},"end":{"line":71,"column":35}},"loc":{"start":{"line":71,"column":49},"end":{"line":129,"column":9}},"line":71},"7":{"name":"(anonymous_7)","decl":{"start":{"line":121,"column":37},"end":{"line":121,"column":38}},"loc":{"start":{"line":121,"column":46},"end":{"line":126,"column":17}},"line":121},"8":{"name":"addTripsToStops","decl":{"start":{"line":134,"column":9},"end":{"line":134,"column":24}},"loc":{"start":{"line":134,"column":39},"end":{"line":162,"column":1}},"line":134},"9":{"name":"addStopTimesToTrips","decl":{"start":{"line":165,"column":9},"end":{"line":165,"column":28}},"loc":{"start":{"line":165,"column":48},"end":{"line":192,"column":1}},"line":165},"10":{"name":"getAllStopsWithinRange","decl":{"start":{"line":195,"column":9},"end":{"line":195,"column":31}},"loc":{"start":{"line":195,"column":57},"end":{"line":211,"column":1}},"line":195},"11":{"name":"findStopsNearStop","decl":{"start":{"line":214,"column":9},"end":{"line":214,"column":26}},"loc":{"start":{"line":214,"column":53},"end":{"line":216,"column":1}},"line":214},"12":{"name":"convert24HrToSeconds","decl":{"start":{"line":219,"column":9},"end":{"line":219,"column":29}},"loc":{"start":{"line":219,"column":36},"end":{"line":222,"column":1}},"line":219},"13":{"name":"getStopsBefore","decl":{"start":{"line":225,"column":9},"end":{"line":225,"column":23}},"loc":{"start":{"line":225,"column":94},"end":{"line":250,"column":1}},"line":225},"14":{"name":"convertSecondsTo24Hour","decl":{"start":{"line":253,"column":9},"end":{"line":253,"column":31}},"loc":{"start":{"line":253,"column":38},"end":{"line":258,"column":1}},"line":253},"15":{"name":"getRoute","decl":{"start":{"line":261,"column":9},"end":{"line":261,"column":17}},"loc":{"start":{"line":261,"column":63},"end":{"line":358,"column":1}},"line":261},"16":{"name":"(anonymous_16)","decl":{"start":{"line":294,"column":122},"end":{"line":294,"column":123}},"loc":{"start":{"line":294,"column":134},"end":{"line":296,"column":13}},"line":294},"17":{"name":"(anonymous_17)","decl":{"start":{"line":300,"column":66},"end":{"line":300,"column":67}},"loc":{"start":{"line":300,"column":78},"end":{"line":306,"column":13}},"line":300},"18":{"name":"(anonymous_18)","decl":{"start":{"line":310,"column":27},"end":{"line":310,"column":28}},"loc":{"start":{"line":310,"column":35},"end":{"line":315,"column":9}},"line":310},"19":{"name":"getPartnerRoute","decl":{"start":{"line":361,"column":9},"end":{"line":361,"column":24}},"loc":{"start":{"line":361,"column":94},"end":{"line":374,"column":1}},"line":361}},"branchMap":{"0":{"loc":{"start":{"line":25,"column":4},"end":{"line":44,"column":5}},"type":"if","locations":[{"start":{"line":25,"column":4},"end":{"line":44,"column":5}},{"start":{"line":29,"column":11},"end":{"line":44,"column":5}}],"line":25},"1":{"loc":{"start":{"line":25,"column":8},"end":{"line":25,"column":82}},"type":"binary-expr","locations":[{"start":{"line":25,"column":8},"end":{"line":25,"column":43}},{"start":{"line":25,"column":47},"end":{"line":25,"column":82}}],"line":25},"2":{"loc":{"start":{"line":26,"column":8},"end":{"line":28,"column":9}},"type":"if","locations":[{"start":{"line":26,"column":8},"end":{"line":28,"column":9}},{"start":{},"end":{}}],"line":26},"3":{"loc":{"start":{"line":30,"column":8},"end":{"line":32,"column":9}},"type":"if","locations":[{"start":{"line":30,"column":8},"end":{"line":32,"column":9}},{"start":{},"end":{}}],"line":30},"4":{"loc":{"start":{"line":56,"column":12},"end":{"line":58,"column":13}},"type":"if","locations":[{"start":{"line":56,"column":12},"end":{"line":58,"column":13}},{"start":{},"end":{}}],"line":56},"5":{"loc":{"start":{"line":60,"column":12},"end":{"line":62,"column":13}},"type":"if","locations":[{"start":{"line":60,"column":12},"end":{"line":62,"column":13}},{"start":{},"end":{}}],"line":60},"6":{"loc":{"start":{"line":72,"column":12},"end":{"line":74,"column":13}},"type":"if","locations":[{"start":{"line":72,"column":12},"end":{"line":74,"column":13}},{"start":{},"end":{}}],"line":72},"7":{"loc":{"start":{"line":76,"column":12},"end":{"line":78,"column":13}},"type":"if","locations":[{"start":{"line":76,"column":12},"end":{"line":78,"column":13}},{"start":{},"end":{}}],"line":76},"8":{"loc":{"start":{"line":91,"column":12},"end":{"line":109,"column":15}},"type":"switch","locations":[{"start":{"line":95,"column":16},"end":{"line":97,"column":26}},{"start":{"line":98,"column":16},"end":{"line":100,"column":26}},{"start":{"line":101,"column":16},"end":{"line":103,"column":26}},{"start":{"line":107,"column":16},"end":{"line":108,"column":38}}],"line":91},"9":{"loc":{"start":{"line":112,"column":16},"end":{"line":116,"column":17}},"type":"if","locations":[{"start":{"line":112,"column":16},"end":{"line":116,"column":17}},{"start":{"line":114,"column":23},"end":{"line":116,"column":17}}],"line":112},"10":{"loc":{"start":{"line":122,"column":20},"end":{"line":124,"column":21}},"type":"if","locations":[{"start":{"line":122,"column":20},"end":{"line":124,"column":21}},{"start":{},"end":{}}],"line":122},"11":{"loc":{"start":{"line":152,"column":16},"end":{"line":157,"column":17}},"type":"if","locations":[{"start":{"line":152,"column":16},"end":{"line":157,"column":17}},{"start":{},"end":{}}],"line":152},"12":{"loc":{"start":{"line":166,"column":4},"end":{"line":168,"column":5}},"type":"if","locations":[{"start":{"line":166,"column":4},"end":{"line":168,"column":5}},{"start":{},"end":{}}],"line":166},"13":{"loc":{"start":{"line":185,"column":12},"end":{"line":189,"column":13}},"type":"if","locations":[{"start":{"line":185,"column":12},"end":{"line":189,"column":13}},{"start":{},"end":{}}],"line":185},"14":{"loc":{"start":{"line":205,"column":8},"end":{"line":208,"column":13}},"type":"if","locations":[{"start":{"line":205,"column":8},"end":{"line":208,"column":13}},{"start":{},"end":{}}],"line":205},"15":{"loc":{"start":{"line":205,"column":12},"end":{"line":206,"column":80}},"type":"binary-expr","locations":[{"start":{"line":205,"column":12},"end":{"line":205,"column":43}},{"start":{"line":205,"column":47},"end":{"line":205,"column":78}},{"start":{"line":206,"column":15},"end":{"line":206,"column":45}},{"start":{"line":206,"column":49},"end":{"line":206,"column":80}}],"line":205},"16":{"loc":{"start":{"line":233,"column":8},"end":{"line":245,"column":9}},"type":"if","locations":[{"start":{"line":233,"column":8},"end":{"line":245,"column":9}},{"start":{},"end":{}}],"line":233},"17":{"loc":{"start":{"line":237,"column":12},"end":{"line":244,"column":13}},"type":"if","locations":[{"start":{"line":237,"column":12},"end":{"line":244,"column":13}},{"start":{},"end":{}}],"line":237},"18":{"loc":{"start":{"line":237,"column":16},"end":{"line":237,"column":39}},"type":"binary-expr","locations":[{"start":{"line":237,"column":16},"end":{"line":237,"column":24}},{"start":{"line":237,"column":28},"end":{"line":237,"column":39}}],"line":237},"19":{"loc":{"start":{"line":239,"column":20},"end":{"line":242,"column":21}},"type":"if","locations":[{"start":{"line":239,"column":20},"end":{"line":242,"column":21}},{"start":{},"end":{}}],"line":239},"20":{"loc":{"start":{"line":301,"column":16},"end":{"line":304,"column":17}},"type":"if","locations":[{"start":{"line":301,"column":16},"end":{"line":304,"column":17}},{"start":{},"end":{}}],"line":301},"21":{"loc":{"start":{"line":311,"column":12},"end":{"line":314,"column":13}},"type":"if","locations":[{"start":{"line":311,"column":12},"end":{"line":314,"column":13}},{"start":{},"end":{}}],"line":311},"22":{"loc":{"start":{"line":316,"column":9},"end":{"line":318,"column":9}},"type":"if","locations":[{"start":{"line":316,"column":9},"end":{"line":318,"column":9}},{"start":{},"end":{}}],"line":316},"23":{"loc":{"start":{"line":322,"column":4},"end":{"line":325,"column":5}},"type":"if","locations":[{"start":{"line":322,"column":4},"end":{"line":325,"column":5}},{"start":{},"end":{}}],"line":322},"24":{"loc":{"start":{"line":330,"column":8},"end":{"line":335,"column":9}},"type":"if","locations":[{"start":{"line":330,"column":8},"end":{"line":335,"column":9}},{"start":{},"end":{}}],"line":330},"25":{"loc":{"start":{"line":331,"column":12},"end":{"line":334,"column":13}},"type":"if","locations":[{"start":{"line":331,"column":12},"end":{"line":334,"column":13}},{"start":{},"end":{}}],"line":331}},"s":{"0":8,"1":8,"2":8,"3":8,"4":8,"5":8,"6":8,"7":8,"8":8,"9":8,"10":8,"11":8,"12":0,"13":0,"14":0,"15":0,"16":0,"17":0,"18":0,"19":0,"20":0,"21":0,"22":0,"23":0,"24":0,"25":0,"26":0,"27":0,"28":0,"29":0,"30":0,"31":0,"32":0,"33":0,"34":0,"35":0,"36":0,"37":0,"38":0,"39":0,"40":0,"41":0,"42":0,"43":0,"44":0,"45":0,"46":0,"47":0,"48":0,"49":0,"50":0,"51":0,"52":0,"53":0,"54":0,"55":0,"56":0,"57":0,"58":0,"59":0,"60":0,"61":0,"62":0,"63":0,"64":0,"65":0,"66":0,"67":0,"68":0,"69":0,"70":0,"71":0,"72":0,"73":0,"74":0,"75":0,"76":0,"77":0,"78":0,"79":0,"80":0,"81":0,"82":0,"83":0,"84":0,"85":0,"86":0,"87":0,"88":0,"89":0,"90":0,"91":0,"92":0,"93":0,"94":0,"95":0,"96":0,"97":0,"98":0,"99":0,"100":0,"101":0,"102":0,"103":0,"104":0,"105":0,"106":0,"107":0,"108":0,"109":0,"110":0,"111":0,"112":0,"113":0,"114":0,"115":0,"116":0,"117":0,"118":0,"119":0,"120":0,"121":0,"122":0,"123":0,"124":0,"125":0,"126":0,"127":0,"128":0,"129":0,"130":0,"131":0,"132":0,"133":0,"134":0,"135":0,"136":0,"137":0,"138":0,"139":0,"140":0,"141":0,"142":0,"143":0,"144":0,"145":0,"146":0,"147":0,"148":0,"149":0,"150":0,"151":0,"152":0,"153":0,"154":0,"155":0,"156":0,"157":0,"158":0,"159":0,"160":0,"161":0,"162":0,"163":0,"164":0,"165":0,"166":0,"167":0,"168":0,"169":0,"170":0,"171":0,"172":0,"173":0,"174":0,"175":0,"176":0,"177":0,"178":0,"179":0,"180":0,"181":0,"182":0,"183":0,"184":0,"185":0,"186":0,"187":0,"188":0,"189":0,"190":0,"191":0,"192":0,"193":0,"194":0,"195":0,"196":0,"197":0,"198":0,"199":0,"200":0,"201":0,"202":0,"203":0,"204":0,"205":0,"206":0,"207":0,"208":8},"f":{"0":0,"1":0,"2":0,"3":0,"4":0,"5":0,"6":0,"7":0,"8":0,"9":0,"10":0,"11":0,"12":0,"13":0,"14":0,"15":0,"16":0,"17":0,"18":0,"19":0},"b":{"0":[0,0],"1":[0,0],"2":[0,0],"3":[0,0],"4":[0,0],"5":[0,0],"6":[0,0],"7":[0,0],"8":[0,0,0,0],"9":[0,0],"10":[0,0],"11":[0,0],"12":[0,0],"13":[0,0],"14":[0,0],"15":[0,0,0,0],"16":[0,0],"17":[0,0],"18":[0,0],"19":[0,0],"20":[0,0],"21":[0,0],"22":[0,0],"23":[0,0],"24":[0,0],"25":[0,0]},"_coverageSchema":"1a1c01bbd47fc00a2c39e90264f33305004495a9","hash":"842637be95e6fd7899206eb0454758ba34ed4b61"}
,"D:\\UBC\\Fall 2023\\CPEN 321\\Git_Project\\JAAM-project\\backend\\models\\message.js": {"path":"D:\\UBC\\Fall 2023\\CPEN 321\\Git_Project\\JAAM-project\\backend\\models\\message.js","statementMap":{"0":{"start":{"line":1,"column":17},"end":{"line":1,"column":36}},"1":{"start":{"line":3,"column":22},"end":{"line":18,"column":2}},"2":{"start":{"line":20,"column":16},"end":{"line":20,"column":56}},"3":{"start":{"line":22,"column":0},"end":{"line":22,"column":25}}},"fnMap":{},"branchMap":{},"s":{"0":6,"1":6,"2":6,"3":6},"f":{},"b":{},"_coverageSchema":"1a1c01bbd47fc00a2c39e90264f33305004495a9","hash":"3fc66c67da940bbd776a031a506ddefd2fcdf8c7"}
,"D:\\UBC\\Fall 2023\\CPEN 321\\Git_Project\\JAAM-project\\backend\\routes\\chatRoute.js": {"path":"D:\\UBC\\Fall 2023\\CPEN 321\\Git_Project\\JAAM-project\\backend\\routes\\chatRoute.js","statementMap":{"0":{"start":{"line":1,"column":16},"end":{"line":1,"column":34}},"1":{"start":{"line":2,"column":23},"end":{"line":2,"column":53}},"2":{"start":{"line":4,"column":15},"end":{"line":4,"column":31}},"3":{"start":{"line":6,"column":0},"end":{"line":6,"column":49}},"4":{"start":{"line":7,"column":0},"end":{"line":7,"column":54}},"5":{"start":{"line":10,"column":0},"end":{"line":10,"column":24}}},"fnMap":{},"branchMap":{},"s":{"0":8,"1":8,"2":8,"3":8,"4":8,"5":8},"f":{},"b":{},"_coverageSchema":"1a1c01bbd47fc00a2c39e90264f33305004495a9","hash":"a5bdffe148e04b0b32efdea4eefe07e63d27b9d2"}
}
